2018-02-13 13:57:34 INFO  ApacheHttpClient.sendEvent(450) - responseCode = 200
2018-02-13 13:58:33 INFO  ApacheHttpClient.sendEvent(450) - responseCode = 200
2018-02-13 13:59:33 INFO  ApacheHttpClient.sendEvent(450) - responseCode = 200
2018-02-13 14:00:33 INFO  ApacheHttpClient.sendEvent(450) - responseCode = 200
2018-02-13 14:01:34 INFO  ApacheHttpClient.sendEvent(450) - responseCode = 200
2018-02-13 14:02:33 INFO  ApacheHttpClient.sendEvent(450) - responseCode = 200
2018-02-13 14:03:33 INFO  ApacheHttpClient.sendEvent(450) - responseCode = 200
2018-02-13 14:04:33 INFO  ApacheHttpClient.sendEvent(450) - responseCode = 200
2018-02-13 14:05:33 INFO  ApacheHttpClient.sendEvent(450) - responseCode = 200
2018-02-13 14:06:33 INFO  ApacheHttpClient.sendEvent(450) - responseCode = 200
2018-02-13 14:07:34 INFO  ApacheHttpClient.sendEvent(450) - responseCode = 200
2018-02-13 14:08:34 INFO  ApacheHttpClient.sendEvent(450) - responseCode = 200
2018-02-13 14:09:34 INFO  ApacheHttpClient.sendEvent(450) - responseCode = 200
2018-02-13 14:10:34 INFO  ApacheHttpClient.sendEvent(450) - responseCode = 200
2018-02-13 14:11:34 INFO  ApacheHttpClient.sendEvent(450) - responseCode = 200
2018-02-13 14:12:34 INFO  ApacheHttpClient.sendEvent(450) - responseCode = 200
2018-02-13 14:13:34 INFO  ApacheHttpClient.sendEvent(450) - responseCode = 200
2018-02-13 14:14:34 INFO  ApacheHttpClient.sendEvent(450) - responseCode = 200
2018-02-13 14:15:34 INFO  ApacheHttpClient.sendEvent(450) - responseCode = 200
2018-02-13 14:16:34 INFO  ApacheHttpClient.sendEvent(450) - responseCode = 200
2018-02-13 14:17:34 INFO  ApacheHttpClient.sendEvent(450) - responseCode = 200
2018-02-13 14:18:34 INFO  ApacheHttpClient.sendEvent(450) - responseCode = 200
2018-02-13 14:19:34 INFO  ApacheHttpClient.sendEvent(450) - responseCode = 200
2018-02-13 14:20:34 INFO  ApacheHttpClient.sendEvent(450) - responseCode = 200
2018-02-13 14:21:34 INFO  ApacheHttpClient.sendEvent(450) - responseCode = 200
2018-02-13 14:22:34 INFO  ApacheHttpClient.sendEvent(450) - responseCode = 200
2018-02-13 14:23:34 INFO  ApacheHttpClient.sendEvent(450) - responseCode = 200
2018-02-13 14:24:34 INFO  ApacheHttpClient.sendEvent(450) - responseCode = 200
2018-02-13 14:25:34 INFO  ApacheHttpClient.sendEvent(450) - responseCode = 200
2018-02-13 14:26:34 INFO  ApacheHttpClient.sendEvent(450) - responseCode = 200
2018-02-13 14:27:34 INFO  ApacheHttpClient.sendEvent(450) - responseCode = 200
2018-02-13 14:28:34 INFO  ApacheHttpClient.sendEvent(450) - responseCode = 200
2018-02-13 14:29:34 INFO  ApacheHttpClient.sendEvent(450) - responseCode = 200
2018-02-13 14:30:34 INFO  ApacheHttpClient.sendEvent(450) - responseCode = 200
2018-02-13 14:31:34 INFO  ApacheHttpClient.sendEvent(450) - responseCode = 200
2018-02-13 14:32:34 INFO  ApacheHttpClient.sendEvent(450) - responseCode = 200
2018-02-13 14:33:34 INFO  ApacheHttpClient.sendEvent(450) - responseCode = 200
2018-02-13 14:34:34 INFO  ApacheHttpClient.sendEvent(450) - responseCode = 200
2018-02-13 14:35:34 INFO  ApacheHttpClient.sendEvent(450) - responseCode = 200
2018-02-13 14:36:34 INFO  ApacheHttpClient.sendEvent(450) - responseCode = 200
2018-02-13 14:37:34 INFO  ApacheHttpClient.sendEvent(450) - responseCode = 200
2018-02-13 14:38:34 INFO  ApacheHttpClient.sendEvent(450) - responseCode = 200
2018-02-13 14:39:34 INFO  ApacheHttpClient.sendEvent(450) - responseCode = 200
2018-02-13 14:40:34 INFO  ApacheHttpClient.sendEvent(450) - responseCode = 200
2018-02-13 14:41:34 INFO  ApacheHttpClient.sendEvent(450) - responseCode = 200
2018-02-13 14:42:34 INFO  ApacheHttpClient.sendEvent(450) - responseCode = 200
2018-02-13 14:42:53 INFO  ApacheHttpClient.testConnection(178) - responseCode = 200
2018-02-13 14:42:53 INFO  ApacheHttpClient.testConnection(185) - result = true
2018-02-13 14:42:55 INFO  ApacheHttpClient.getWebResourceAsStream(420) - responseCode = 200
2018-02-13 14:42:55 INFO  ApacheHttpClient.getFilteredTasks(307) - responseCode = 200
2018-02-13 14:42:58 INFO  ApacheHttpClient.getTaskTemplateInfo(324) - responseCode = 200
2018-02-13 14:42:59 INFO  ApacheHttpClient.testConnection(178) - responseCode = 200
2018-02-13 14:42:59 INFO  ApacheHttpClient.testConnection(185) - result = true
2018-02-13 14:42:59 INFO  ApacheHttpClient.testConnection(178) - responseCode = 200
2018-02-13 14:42:59 INFO  ApacheHttpClient.testConnection(185) - result = true
2018-02-13 14:42:59 INFO  ApacheHttpClient.getWebResourceAsStream(420) - responseCode = 200
2018-02-13 14:43:34 INFO  ApacheHttpClient.sendEvent(450) - responseCode = 200
2018-02-13 14:44:34 INFO  ApacheHttpClient.sendEvent(450) - responseCode = 200
2018-02-13 14:45:34 INFO  ApacheHttpClient.sendEvent(450) - responseCode = 200
2018-02-13 14:46:34 INFO  ApacheHttpClient.sendEvent(450) - responseCode = 200
2018-02-13 14:47:34 INFO  ApacheHttpClient.sendEvent(450) - responseCode = 200
2018-02-13 14:48:34 INFO  ApacheHttpClient.sendEvent(450) - responseCode = 200
2018-02-13 14:49:34 INFO  ApacheHttpClient.sendEvent(450) - responseCode = 200
2018-02-13 14:50:34 INFO  ApacheHttpClient.sendEvent(450) - responseCode = 200
2018-02-13 14:51:34 INFO  ApacheHttpClient.sendEvent(450) - responseCode = 200
2018-02-13 14:52:34 INFO  ApacheHttpClient.sendEvent(450) - responseCode = 200
2018-02-13 14:53:34 INFO  ApacheHttpClient.sendEvent(450) - responseCode = 200
2018-02-13 14:54:34 INFO  ApacheHttpClient.sendEvent(450) - responseCode = 200
2018-02-13 14:55:34 INFO  ApacheHttpClient.sendEvent(450) - responseCode = 200
2018-02-13 14:56:34 INFO  ApacheHttpClient.sendEvent(450) - responseCode = 200
2018-02-13 14:57:34 INFO  ApacheHttpClient.sendEvent(450) - responseCode = 200
2018-02-13 14:58:34 INFO  ApacheHttpClient.sendEvent(450) - responseCode = 200
2018-02-13 14:59:34 INFO  ApacheHttpClient.sendEvent(450) - responseCode = 200
2018-02-13 15:00:34 INFO  ApacheHttpClient.sendEvent(450) - responseCode = 200
2018-02-13 15:01:34 INFO  ApacheHttpClient.sendEvent(450) - responseCode = 200
2018-02-13 15:02:34 INFO  ApacheHttpClient.sendEvent(450) - responseCode = 200
2018-02-13 15:03:34 INFO  ApacheHttpClient.sendEvent(450) - responseCode = 200
2018-02-13 15:04:34 INFO  ApacheHttpClient.sendEvent(450) - responseCode = 200
2018-02-13 15:05:34 INFO  ApacheHttpClient.sendEvent(450) - responseCode = 200
2018-02-13 15:06:34 INFO  ApacheHttpClient.sendEvent(450) - responseCode = 200
2018-02-13 15:07:34 INFO  ApacheHttpClient.sendEvent(450) - responseCode = 200
2018-02-13 15:08:34 INFO  ApacheHttpClient.sendEvent(450) - responseCode = 200
2018-02-13 15:09:34 INFO  ApacheHttpClient.sendEvent(450) - responseCode = 200
2018-02-13 15:10:34 INFO  ApacheHttpClient.sendEvent(450) - responseCode = 200
2018-02-13 15:11:34 INFO  ApacheHttpClient.sendEvent(450) - responseCode = 200
2018-02-13 15:12:34 INFO  ApacheHttpClient.sendEvent(450) - responseCode = 200
2018-02-13 15:13:34 INFO  ApacheHttpClient.sendEvent(450) - responseCode = 200
2018-02-13 15:13:35 INFO  JavaRushTasksProjectComponent.projectClosing(157) - ---------- Project JavaRushTasks closed ----------

2018-02-13 15:13:35 INFO  ApacheHttpClient.getTask(405) - responseCode = 200
2018-02-13 15:13:35 INFO  ApacheHttpClient.getTask(405) - responseCode = 200
2018-02-13 15:13:35 INFO  ApacheHttpClient.getTask(405) - responseCode = 200
2018-02-13 15:13:35 INFO  ApacheHttpClient.getTask(405) - responseCode = 200
2018-02-13 15:13:35 INFO  ApacheHttpClient.getTask(405) - responseCode = 200
2018-02-13 15:13:36 INFO  ApacheHttpClient.getTask(405) - responseCode = 200
2018-02-13 16:22:03 INFO  JavaRushTasksProjectComponent.projectOpened(68) - ---------- Project JavaRushTasks opened ----------

2018-02-13 16:22:03 INFO  ApacheHttpClient.createAsyncHttpClient(125) - Выбрано 1 прокси.
2018-02-13 16:22:04 INFO  ApacheHttpClient.<init>(85) - ApacheHttpClient проинстанциирован успешно.
2018-02-13 16:22:06 INFO  ApacheHttpClient.testConnection(178) - responseCode = 200
2018-02-13 16:22:06 INFO  ApacheHttpClient.testConnection(185) - result = true
2018-02-13 16:22:07 INFO  ApacheHttpClient.login(209) - Ожидание ответа сервера.
2018-02-13 16:22:07 INFO  ApacheHttpClient.login(209) - Ожидание ответа сервера.
2018-02-13 16:22:07 INFO  ApacheHttpClient.login(209) - Ожидание ответа сервера.
2018-02-13 16:22:07 INFO  ApacheHttpClient.login(213) - responseCode = 200
2018-02-13 16:22:07 INFO  ApacheHttpClient.login(244) - JSESSIONID=2FF8D1172737C65DB1DF743A1A245A57
2018-02-13 16:22:07 INFO  ApacheHttpClient.refreshUserInfo(272) - responseCode = 200
2018-02-13 16:22:07 INFO  ApacheHttpClient.refreshUserInfo(278) - Информация о пользователе получена.
2018-02-13 16:22:08 INFO  ApacheHttpClient.startGA(32) - GAService запущен.
2018-02-13 16:22:08 INFO  AbstractRestApiClient.startService(70) - EventsService запущен.
2018-02-13 16:22:27 INFO  ApacheHttpClient.testConnection(178) - responseCode = 200
2018-02-13 16:22:27 INFO  ApacheHttpClient.testConnection(185) - result = true
2018-02-13 16:22:28 INFO  ApacheHttpClient.testConnection(178) - responseCode = 200
2018-02-13 16:22:28 INFO  ApacheHttpClient.testConnection(185) - result = true
2018-02-13 16:22:54 INFO  ApacheHttpClient.getWebResourceAsStream(420) - responseCode = 200
2018-02-13 16:23:00 INFO  ApacheHttpClient.testConnection(178) - responseCode = 200
2018-02-13 16:23:00 INFO  ApacheHttpClient.testConnection(185) - result = true
2018-02-13 16:23:08 INFO  ApacheHttpClient.testConnection(178) - responseCode = 200
2018-02-13 16:23:08 INFO  ApacheHttpClient.testConnection(185) - result = true
2018-02-13 16:23:08 INFO  ApacheHttpClient.sendEvent(450) - responseCode = 200
2018-02-13 16:23:10 INFO  ApacheHttpClient.testConnection(178) - responseCode = 200
2018-02-13 16:23:10 INFO  ApacheHttpClient.testConnection(185) - result = true
2018-02-13 16:24:08 INFO  ApacheHttpClient.sendEvent(450) - responseCode = 200
2018-02-13 16:25:08 INFO  ApacheHttpClient.sendEvent(450) - responseCode = 200
2018-02-13 16:26:09 INFO  ApacheHttpClient.sendEvent(450) - responseCode = 200
2018-02-13 16:27:08 INFO  ApacheHttpClient.sendEvent(450) - responseCode = 200
2018-02-13 16:28:08 INFO  ApacheHttpClient.sendEvent(450) - responseCode = 200
2018-02-13 16:29:08 INFO  ApacheHttpClient.sendEvent(450) - responseCode = 200
2018-02-13 16:30:08 INFO  ApacheHttpClient.sendEvent(450) - responseCode = 200
2018-02-13 16:31:08 INFO  ApacheHttpClient.sendEvent(450) - responseCode = 200
2018-02-13 16:32:08 INFO  ApacheHttpClient.sendEvent(450) - responseCode = 200
2018-02-13 16:33:08 INFO  ApacheHttpClient.sendEvent(450) - responseCode = 200
2018-02-13 16:34:08 INFO  ApacheHttpClient.sendEvent(450) - responseCode = 200
2018-02-13 16:35:08 INFO  ApacheHttpClient.sendEvent(450) - responseCode = 200
2018-02-13 16:36:08 INFO  ApacheHttpClient.sendEvent(450) - responseCode = 200
2018-02-13 16:37:08 INFO  ApacheHttpClient.sendEvent(450) - responseCode = 200
2018-02-13 16:38:08 INFO  ApacheHttpClient.sendEvent(450) - responseCode = 200
2018-02-13 16:38:12 INFO  ApacheHttpClient.testConnection(178) - responseCode = 200
2018-02-13 16:38:12 INFO  ApacheHttpClient.testConnection(185) - result = true
2018-02-13 16:38:25 INFO  JavaRushTasksProjectComponent.projectClosing(157) - ---------- Project JavaRushTasks closed ----------

2018-02-13 16:38:26 INFO  ApacheHttpClient.getTask(405) - responseCode = 200
2018-02-13 20:29:55 INFO  JavaRushTasksProjectComponent.projectOpened(68) - ---------- Project JavaRushTasks opened ----------

2018-02-13 20:29:55 INFO  ApacheHttpClient.refreshUserInfo(272) - responseCode = 200
2018-02-13 20:29:55 INFO  ApacheHttpClient.refreshUserInfo(278) - Информация о пользователе получена.
2018-02-13 20:29:55 INFO  ApacheHttpClient.startGA(32) - GAService запущен.
2018-02-13 20:29:56 INFO  AbstractRestApiClient.startService(70) - EventsService запущен.
2018-02-13 20:29:57 INFO  ApacheHttpClient.testConnection(178) - responseCode = 200
2018-02-13 20:29:57 INFO  ApacheHttpClient.testConnection(185) - result = true
2018-02-13 20:29:57 INFO  ApacheHttpClient.testConnection(178) - responseCode = 200
2018-02-13 20:29:57 INFO  ApacheHttpClient.testConnection(185) - result = true
2018-02-13 20:30:08 INFO  ApacheHttpClient.testConnection(178) - responseCode = 200
2018-02-13 20:30:08 INFO  ApacheHttpClient.testConnection(185) - result = true
2018-02-13 20:30:09 INFO  ApacheHttpClient.testConnection(178) - responseCode = 200
2018-02-13 20:30:09 INFO  ApacheHttpClient.testConnection(185) - result = true
2018-02-13 20:30:13 INFO  ApacheHttpClient.getWebResourceAsStream(420) - responseCode = 200
2018-02-13 20:30:31 INFO  ApacheHttpClient.testConnection(178) - responseCode = 200
2018-02-13 20:30:31 INFO  ApacheHttpClient.testConnection(185) - result = true
2018-02-13 20:30:56 INFO  ApacheHttpClient.sendEvent(450) - responseCode = 200
2018-02-13 20:31:56 INFO  ApacheHttpClient.sendEvent(450) - responseCode = 200
2018-02-13 20:32:56 INFO  ApacheHttpClient.sendEvent(450) - responseCode = 200
2018-02-13 20:33:56 INFO  ApacheHttpClient.sendEvent(450) - responseCode = 200
2018-02-13 20:34:56 INFO  ApacheHttpClient.sendEvent(450) - responseCode = 200
2018-02-13 20:35:56 INFO  ApacheHttpClient.sendEvent(450) - responseCode = 200
2018-02-13 20:36:56 INFO  ApacheHttpClient.sendEvent(450) - responseCode = 200
2018-02-13 20:37:56 INFO  ApacheHttpClient.sendEvent(450) - responseCode = 200
2018-02-13 20:38:56 INFO  ApacheHttpClient.sendEvent(450) - responseCode = 200
2018-02-13 20:39:56 INFO  ApacheHttpClient.sendEvent(450) - responseCode = 200
2018-02-13 20:40:34 INFO  ApacheHttpClient.getWebResourceAsStream(420) - responseCode = 200
2018-02-13 20:40:34 INFO  ApacheHttpClient.getTask(405) - responseCode = 200
2018-02-13 20:40:36 INFO  ApacheHttpClient.getWebResourceAsStream(420) - responseCode = 200
2018-02-13 20:40:38 INFO  ApacheHttpClient.completed(27) - responseCode = 200
2018-02-13 20:40:39 INFO  ApacheHttpClient.getTask(405) - responseCode = 200
2018-02-13 20:40:56 INFO  ApacheHttpClient.sendEvent(450) - responseCode = 200
2018-02-13 20:40:58 INFO  ApacheHttpClient.getWebResourceAsStream(420) - responseCode = 200
2018-02-13 20:40:58 INFO  ApacheHttpClient.getFilteredTasks(307) - responseCode = 200
2018-02-13 20:40:59 INFO  ApacheHttpClient.getTaskTemplateInfo(324) - responseCode = 200
2018-02-13 20:41:01 INFO  ApacheHttpClient.testConnection(178) - responseCode = 200
2018-02-13 20:41:01 INFO  ApacheHttpClient.testConnection(185) - result = true
2018-02-13 20:41:01 INFO  ApacheHttpClient.testConnection(178) - responseCode = 200
2018-02-13 20:41:01 INFO  ApacheHttpClient.testConnection(185) - result = true
2018-02-13 20:41:01 INFO  ApacheHttpClient.getWebResourceAsStream(420) - responseCode = 200
2018-02-13 20:41:56 INFO  ApacheHttpClient.sendEvent(450) - responseCode = 200
2018-02-13 20:42:56 INFO  ApacheHttpClient.sendEvent(450) - responseCode = 200
2018-02-13 20:43:56 INFO  ApacheHttpClient.sendEvent(450) - responseCode = 200
2018-02-13 20:44:56 INFO  ApacheHttpClient.sendEvent(450) - responseCode = 200
2018-02-13 20:45:56 INFO  ApacheHttpClient.sendEvent(450) - responseCode = 200
2018-02-13 20:46:56 INFO  ApacheHttpClient.sendEvent(450) - responseCode = 200
2018-02-13 20:47:56 INFO  ApacheHttpClient.sendEvent(450) - responseCode = 200
2018-02-13 20:48:20 INFO  ApacheHttpClient.getWebResourceAsStream(420) - responseCode = 200
2018-02-13 20:48:20 INFO  ApacheHttpClient.getFilteredTasks(307) - responseCode = 200
2018-02-13 20:48:22 INFO  ApacheHttpClient.getTaskTemplateInfo(324) - responseCode = 200
2018-02-13 20:48:22 INFO  ApacheHttpClient.testConnection(178) - responseCode = 200
2018-02-13 20:48:22 INFO  ApacheHttpClient.testConnection(185) - result = true
2018-02-13 20:48:23 INFO  ApacheHttpClient.testConnection(178) - responseCode = 200
2018-02-13 20:48:23 INFO  ApacheHttpClient.testConnection(185) - result = true
2018-02-13 20:48:23 INFO  ApacheHttpClient.getWebResourceAsStream(420) - responseCode = 200
2018-02-13 20:48:56 INFO  ApacheHttpClient.sendEvent(450) - responseCode = 200
2018-02-13 20:49:56 INFO  ApacheHttpClient.sendEvent(450) - responseCode = 200
2018-02-13 20:50:56 INFO  ApacheHttpClient.sendEvent(450) - responseCode = 200
2018-02-13 20:51:56 INFO  ApacheHttpClient.sendEvent(450) - responseCode = 200
2018-02-13 20:52:56 INFO  ApacheHttpClient.sendEvent(450) - responseCode = 200
2018-02-13 20:53:56 INFO  ApacheHttpClient.sendEvent(450) - responseCode = 200
2018-02-13 20:54:56 INFO  ApacheHttpClient.sendEvent(450) - responseCode = 200
2018-02-13 20:55:56 INFO  ApacheHttpClient.sendEvent(450) - responseCode = 200
2018-02-13 20:56:56 INFO  ApacheHttpClient.sendEvent(450) - responseCode = 200
2018-02-13 20:57:56 INFO  ApacheHttpClient.sendEvent(450) - responseCode = 200
2018-02-13 20:58:56 INFO  ApacheHttpClient.sendEvent(450) - responseCode = 200
2018-02-13 20:59:05 INFO  ApacheHttpClient.getWebResourceAsStream(420) - responseCode = 200
2018-02-13 20:59:05 INFO  ApacheHttpClient.getTask(405) - responseCode = 200
2018-02-13 20:59:56 INFO  ApacheHttpClient.sendEvent(450) - responseCode = 200
2018-02-13 21:00:56 INFO  ApacheHttpClient.sendEvent(450) - responseCode = 200
2018-02-13 21:01:56 INFO  ApacheHttpClient.sendEvent(450) - responseCode = 200
2018-02-13 21:02:56 INFO  ApacheHttpClient.sendEvent(450) - responseCode = 200
2018-02-13 21:03:56 INFO  ApacheHttpClient.sendEvent(450) - responseCode = 200
2018-02-13 21:04:56 INFO  ApacheHttpClient.sendEvent(450) - responseCode = 200
2018-02-13 21:05:56 INFO  ApacheHttpClient.sendEvent(450) - responseCode = 200
2018-02-13 21:06:56 INFO  ApacheHttpClient.sendEvent(450) - responseCode = 200
2018-02-13 21:07:56 INFO  ApacheHttpClient.sendEvent(450) - responseCode = 200
2018-02-13 21:08:56 INFO  ApacheHttpClient.sendEvent(450) - responseCode = 200
2018-02-13 21:09:56 INFO  ApacheHttpClient.sendEvent(450) - responseCode = 200
2018-02-13 21:10:56 INFO  ApacheHttpClient.sendEvent(450) - responseCode = 200
2018-02-13 21:11:56 INFO  ApacheHttpClient.sendEvent(450) - responseCode = 200
2018-02-13 21:12:56 INFO  ApacheHttpClient.sendEvent(450) - responseCode = 200
2018-02-13 21:13:56 INFO  ApacheHttpClient.sendEvent(450) - responseCode = 200
2018-02-13 21:14:47 INFO  ApacheHttpClient.getWebResourceAsStream(420) - responseCode = 200
2018-02-13 21:14:47 INFO  ApacheHttpClient.getTask(405) - responseCode = 200
2018-02-13 21:14:47 INFO  ApacheHttpClient.getTask(405) - responseCode = 200
2018-02-13 21:14:48 INFO  ApacheHttpClient.completed(27) - responseCode = 400
2018-02-13 21:14:48 WARN  TaskCompleted.run(66) - Задача "Четные символы" уже решена
2018-02-13 21:14:48 INFO  ApacheHttpClient.getWebResourceAsStream(420) - responseCode = 200
2018-02-13 21:14:54 INFO  ApacheHttpClient.getWebResourceAsStream(420) - responseCode = 200
2018-02-13 21:14:54 INFO  ApacheHttpClient.getTask(405) - responseCode = 200
2018-02-13 21:14:55 INFO  ApacheHttpClient.getWebResourceAsStream(420) - responseCode = 200
2018-02-13 21:14:56 INFO  ApacheHttpClient.sendEvent(450) - responseCode = 200
2018-02-13 21:14:58 INFO  ApacheHttpClient.completed(27) - responseCode = 200
2018-02-13 21:14:58 INFO  ApacheHttpClient.getTask(405) - responseCode = 200
2018-02-13 21:15:31 INFO  ApacheHttpClient.getWebResourceAsStream(420) - responseCode = 200
2018-02-13 21:15:31 INFO  ApacheHttpClient.getFilteredTasks(307) - responseCode = 200
2018-02-13 21:15:33 INFO  ApacheHttpClient.getTaskTemplateInfo(324) - responseCode = 200
2018-02-13 21:15:34 INFO  ApacheHttpClient.testConnection(178) - responseCode = 200
2018-02-13 21:15:34 INFO  ApacheHttpClient.testConnection(185) - result = true
2018-02-13 21:15:34 INFO  ApacheHttpClient.testConnection(178) - responseCode = 200
2018-02-13 21:15:34 INFO  ApacheHttpClient.testConnection(185) - result = true
2018-02-13 21:15:34 INFO  ApacheHttpClient.getWebResourceAsStream(420) - responseCode = 200
2018-02-13 21:15:56 INFO  ApacheHttpClient.sendEvent(450) - responseCode = 200
2018-02-13 21:16:56 INFO  ApacheHttpClient.sendEvent(450) - responseCode = 200
2018-02-13 21:17:56 INFO  ApacheHttpClient.sendEvent(450) - responseCode = 200
2018-02-13 21:18:56 INFO  ApacheHttpClient.sendEvent(450) - responseCode = 200
2018-02-13 21:19:56 INFO  ApacheHttpClient.sendEvent(450) - responseCode = 200
2018-02-13 21:20:30 INFO  ApacheHttpClient.getWebResourceAsStream(420) - responseCode = 200
2018-02-13 21:20:30 INFO  ApacheHttpClient.getTask(405) - responseCode = 200
2018-02-13 21:20:56 INFO  ApacheHttpClient.sendEvent(450) - responseCode = 200
2018-02-13 21:21:56 INFO  ApacheHttpClient.sendEvent(450) - responseCode = 200
2018-02-13 21:22:56 INFO  ApacheHttpClient.sendEvent(450) - responseCode = 200
2018-02-13 21:23:56 INFO  ApacheHttpClient.sendEvent(450) - responseCode = 200
2018-02-13 21:24:56 INFO  ApacheHttpClient.sendEvent(450) - responseCode = 200
2018-02-13 21:25:56 INFO  ApacheHttpClient.sendEvent(450) - responseCode = 200
2018-02-13 21:26:56 INFO  ApacheHttpClient.sendEvent(450) - responseCode = 200
2018-02-13 21:27:56 INFO  ApacheHttpClient.sendEvent(450) - responseCode = 200
2018-02-13 21:28:56 INFO  ApacheHttpClient.sendEvent(450) - responseCode = 200
2018-02-13 21:29:56 INFO  ApacheHttpClient.sendEvent(450) - responseCode = 200
2018-02-13 21:30:56 INFO  ApacheHttpClient.sendEvent(450) - responseCode = 200
2018-02-13 21:31:56 INFO  ApacheHttpClient.sendEvent(450) - responseCode = 200
2018-02-13 21:32:56 INFO  ApacheHttpClient.sendEvent(450) - responseCode = 200
2018-02-13 21:33:56 INFO  ApacheHttpClient.sendEvent(450) - responseCode = 200
2018-02-13 21:34:56 INFO  ApacheHttpClient.sendEvent(450) - responseCode = 200
2018-02-13 21:35:56 INFO  ApacheHttpClient.sendEvent(450) - responseCode = 200
2018-02-13 21:36:56 INFO  ApacheHttpClient.sendEvent(450) - responseCode = 200
2018-02-13 21:37:56 INFO  ApacheHttpClient.sendEvent(450) - responseCode = 200
2018-02-13 21:38:56 INFO  ApacheHttpClient.sendEvent(450) - responseCode = 200
2018-02-13 21:39:56 INFO  ApacheHttpClient.sendEvent(450) - responseCode = 200
2018-02-13 21:40:56 INFO  ApacheHttpClient.sendEvent(450) - responseCode = 200
2018-02-13 21:41:56 INFO  ApacheHttpClient.sendEvent(450) - responseCode = 200
2018-02-13 21:42:56 INFO  ApacheHttpClient.sendEvent(450) - responseCode = 200
2018-02-13 21:43:56 INFO  ApacheHttpClient.sendEvent(450) - responseCode = 200
2018-02-13 21:44:56 INFO  ApacheHttpClient.sendEvent(450) - responseCode = 200
2018-02-13 21:45:56 INFO  ApacheHttpClient.sendEvent(450) - responseCode = 200
2018-02-13 21:46:56 INFO  ApacheHttpClient.sendEvent(450) - responseCode = 200
2018-02-13 21:47:22 INFO  ApacheHttpClient.getWebResourceAsStream(420) - responseCode = 200
2018-02-13 21:47:22 INFO  ApacheHttpClient.getTask(405) - responseCode = 200
2018-02-13 21:47:23 INFO  ApacheHttpClient.getTask(405) - responseCode = 200
2018-02-13 21:47:23 INFO  ApacheHttpClient.completed(27) - responseCode = 400
2018-02-13 21:47:23 WARN  TaskCompleted.run(66) - Задача "Считаем слово" уже решена
2018-02-13 21:47:24 INFO  ApacheHttpClient.getWebResourceAsStream(420) - responseCode = 200
2018-02-13 21:47:26 INFO  ApacheHttpClient.getWebResourceAsStream(420) - responseCode = 200
2018-02-13 21:47:27 INFO  ApacheHttpClient.getTask(405) - responseCode = 200
2018-02-13 21:47:27 INFO  ApacheHttpClient.getTask(405) - responseCode = 200
2018-02-13 21:47:27 INFO  ApacheHttpClient.getWebResourceAsStream(420) - responseCode = 200
2018-02-13 21:47:28 INFO  ApacheHttpClient.completed(27) - responseCode = 400
2018-02-13 21:47:28 WARN  TaskCompleted.run(66) - Задача "Считаем слово" уже решена
2018-02-13 21:47:33 INFO  ApacheHttpClient.getWebResourceAsStream(420) - responseCode = 200
2018-02-13 21:47:33 INFO  ApacheHttpClient.getTask(405) - responseCode = 200
2018-02-13 21:47:34 INFO  ApacheHttpClient.getWebResourceAsStream(420) - responseCode = 200
2018-02-13 21:47:37 INFO  ApacheHttpClient.completed(27) - responseCode = 200
2018-02-13 21:47:56 INFO  ApacheHttpClient.sendEvent(450) - responseCode = 200
2018-02-13 21:48:56 INFO  ApacheHttpClient.sendEvent(450) - responseCode = 200
2018-02-13 21:49:56 INFO  ApacheHttpClient.sendEvent(450) - responseCode = 200
2018-02-13 21:50:56 INFO  ApacheHttpClient.sendEvent(450) - responseCode = 200
2018-02-13 21:51:56 INFO  ApacheHttpClient.sendEvent(450) - responseCode = 200
2018-02-13 21:52:56 INFO  ApacheHttpClient.sendEvent(450) - responseCode = 200
2018-02-13 21:53:56 INFO  ApacheHttpClient.sendEvent(450) - responseCode = 200
2018-02-13 21:54:56 INFO  ApacheHttpClient.sendEvent(450) - responseCode = 200
2018-02-13 21:55:56 INFO  ApacheHttpClient.sendEvent(450) - responseCode = 200
2018-02-13 21:56:56 INFO  ApacheHttpClient.sendEvent(450) - responseCode = 200
2018-02-13 21:57:56 INFO  ApacheHttpClient.sendEvent(450) - responseCode = 200
2018-02-13 21:58:33 INFO  ApacheHttpClient.getWebResourceAsStream(420) - responseCode = 200
2018-02-13 21:58:34 INFO  ApacheHttpClient.getTask(405) - responseCode = 200
2018-02-13 21:58:34 INFO  ApacheHttpClient.getTask(405) - responseCode = 200
2018-02-13 21:58:35 INFO  ApacheHttpClient.getWebResourceAsStream(420) - responseCode = 200
2018-02-13 21:58:37 INFO  ApacheHttpClient.completed(27) - responseCode = 200
2018-02-13 21:58:56 INFO  ApacheHttpClient.sendEvent(450) - responseCode = 200
2018-02-13 21:59:56 INFO  ApacheHttpClient.sendEvent(450) - responseCode = 200
2018-02-13 22:00:56 INFO  ApacheHttpClient.sendEvent(450) - responseCode = 200
2018-02-13 22:01:56 INFO  ApacheHttpClient.sendEvent(450) - responseCode = 200
2018-02-13 22:02:26 INFO  ApacheHttpClient.getWebResourceAsStream(420) - responseCode = 200
2018-02-13 22:02:26 INFO  ApacheHttpClient.getTask(405) - responseCode = 200
2018-02-13 22:02:56 INFO  ApacheHttpClient.sendEvent(450) - responseCode = 200
2018-02-13 22:03:56 INFO  ApacheHttpClient.sendEvent(450) - responseCode = 200
2018-02-13 22:04:56 INFO  ApacheHttpClient.sendEvent(450) - responseCode = 200
2018-02-13 22:05:56 INFO  ApacheHttpClient.sendEvent(450) - responseCode = 200
2018-02-13 22:06:56 INFO  ApacheHttpClient.sendEvent(450) - responseCode = 200
2018-02-13 22:07:01 INFO  ApacheHttpClient.getWebResourceAsStream(420) - responseCode = 200
2018-02-13 22:07:01 INFO  ApacheHttpClient.getTask(405) - responseCode = 200
2018-02-13 22:07:02 INFO  ApacheHttpClient.getWebResourceAsStream(420) - responseCode = 200
2018-02-13 22:07:06 INFO  ApacheHttpClient.completed(27) - responseCode = 200
2018-02-13 22:07:56 INFO  ApacheHttpClient.sendEvent(450) - responseCode = 200
2018-02-13 22:08:56 INFO  ApacheHttpClient.sendEvent(450) - responseCode = 200
2018-02-13 22:09:57 INFO  ApacheHttpClient.sendEvent(450) - responseCode = 200
2018-02-13 22:10:56 INFO  ApacheHttpClient.sendEvent(450) - responseCode = 200
2018-02-13 22:11:44 INFO  ApacheHttpClient.getWebResourceAsStream(420) - responseCode = 200
2018-02-13 22:11:44 INFO  ApacheHttpClient.getTask(405) - responseCode = 200
2018-02-13 22:11:56 INFO  ApacheHttpClient.sendEvent(450) - responseCode = 200
2018-02-13 22:12:56 INFO  ApacheHttpClient.sendEvent(450) - responseCode = 200
2018-02-13 22:13:56 INFO  ApacheHttpClient.sendEvent(450) - responseCode = 200
2018-02-13 22:14:56 INFO  ApacheHttpClient.sendEvent(450) - responseCode = 200
2018-02-13 22:15:56 INFO  ApacheHttpClient.sendEvent(450) - responseCode = 200
2018-02-13 22:16:56 INFO  ApacheHttpClient.sendEvent(450) - responseCode = 200
2018-02-13 22:17:56 INFO  ApacheHttpClient.sendEvent(450) - responseCode = 200
2018-02-13 22:18:56 INFO  ApacheHttpClient.sendEvent(450) - responseCode = 200
2018-02-13 22:19:56 INFO  ApacheHttpClient.sendEvent(450) - responseCode = 200
2018-02-13 22:20:56 INFO  ApacheHttpClient.sendEvent(450) - responseCode = 200
2018-02-13 22:21:56 INFO  ApacheHttpClient.sendEvent(450) - responseCode = 200
2018-02-13 22:22:56 INFO  ApacheHttpClient.sendEvent(450) - responseCode = 200
2018-02-13 22:23:51 INFO  ApacheHttpClient.getWebResourceAsStream(420) - responseCode = 200
2018-02-13 22:23:51 INFO  ApacheHttpClient.getTask(405) - responseCode = 200
2018-02-13 22:23:52 INFO  ApacheHttpClient.getWebResourceAsStream(420) - responseCode = 200
2018-02-13 22:23:55 INFO  ApacheHttpClient.completed(27) - responseCode = 200
2018-02-13 22:23:56 INFO  ApacheHttpClient.sendEvent(450) - responseCode = 200
2018-02-13 22:23:59 INFO  ApacheHttpClient.getWebResourceAsStream(420) - responseCode = 200
2018-02-13 22:23:59 INFO  ApacheHttpClient.getFilteredTasks(307) - responseCode = 200
2018-02-13 22:24:08 INFO  ApacheHttpClient.getWebResourceAsStream(420) - responseCode = 200
2018-02-13 22:24:08 INFO  ApacheHttpClient.getFilteredTasks(307) - responseCode = 200
2018-02-13 22:24:09 INFO  ApacheHttpClient.getTaskTemplateInfo(324) - responseCode = 200
2018-02-13 22:24:09 INFO  ApacheHttpClient.testConnection(178) - responseCode = 200
2018-02-13 22:24:09 INFO  ApacheHttpClient.testConnection(185) - result = true
2018-02-13 22:24:10 INFO  ApacheHttpClient.testConnection(178) - responseCode = 200
2018-02-13 22:24:10 INFO  ApacheHttpClient.testConnection(185) - result = true
2018-02-13 22:24:10 INFO  ApacheHttpClient.getWebResourceAsStream(420) - responseCode = 200
2018-02-13 22:24:56 INFO  ApacheHttpClient.sendEvent(450) - responseCode = 200
2018-02-13 22:25:56 INFO  ApacheHttpClient.sendEvent(450) - responseCode = 200
2018-02-13 22:26:56 INFO  ApacheHttpClient.sendEvent(450) - responseCode = 200
2018-02-13 22:27:56 INFO  ApacheHttpClient.sendEvent(450) - responseCode = 200
2018-02-13 22:28:56 INFO  ApacheHttpClient.sendEvent(450) - responseCode = 200
2018-02-13 22:29:56 INFO  ApacheHttpClient.sendEvent(450) - responseCode = 200
2018-02-13 22:30:56 INFO  ApacheHttpClient.sendEvent(450) - responseCode = 200
2018-02-13 22:31:56 INFO  ApacheHttpClient.sendEvent(450) - responseCode = 200
2018-02-13 22:32:56 INFO  ApacheHttpClient.sendEvent(450) - responseCode = 200
2018-02-13 22:33:56 INFO  ApacheHttpClient.sendEvent(450) - responseCode = 200
2018-02-13 22:34:56 INFO  ApacheHttpClient.sendEvent(450) - responseCode = 200
2018-02-13 22:35:56 INFO  ApacheHttpClient.sendEvent(450) - responseCode = 200
2018-02-13 22:36:56 INFO  ApacheHttpClient.sendEvent(450) - responseCode = 200
2018-02-13 22:37:56 INFO  ApacheHttpClient.sendEvent(450) - responseCode = 200
2018-02-13 22:38:56 INFO  ApacheHttpClient.sendEvent(450) - responseCode = 200
2018-02-13 22:39:56 INFO  ApacheHttpClient.sendEvent(450) - responseCode = 200
2018-02-13 22:40:56 INFO  ApacheHttpClient.sendEvent(450) - responseCode = 200
2018-02-13 22:41:56 INFO  ApacheHttpClient.sendEvent(450) - responseCode = 200
2018-02-13 22:42:56 INFO  ApacheHttpClient.sendEvent(450) - responseCode = 200
2018-02-13 22:43:56 INFO  ApacheHttpClient.sendEvent(450) - responseCode = 200
2018-02-13 22:44:56 INFO  ApacheHttpClient.sendEvent(450) - responseCode = 200
2018-02-13 22:45:56 INFO  ApacheHttpClient.sendEvent(450) - responseCode = 200
2018-02-13 22:46:56 INFO  ApacheHttpClient.sendEvent(450) - responseCode = 200
2018-02-13 22:47:56 INFO  ApacheHttpClient.sendEvent(450) - responseCode = 200
2018-02-13 22:48:56 INFO  ApacheHttpClient.sendEvent(450) - responseCode = 200
2018-02-13 22:49:56 INFO  ApacheHttpClient.sendEvent(450) - responseCode = 200
2018-02-13 22:50:56 INFO  ApacheHttpClient.sendEvent(450) - responseCode = 200
2018-02-13 22:51:56 INFO  ApacheHttpClient.sendEvent(450) - responseCode = 200
2018-02-13 22:52:56 INFO  ApacheHttpClient.sendEvent(450) - responseCode = 200
2018-02-13 22:53:56 INFO  ApacheHttpClient.sendEvent(450) - responseCode = 200
2018-02-13 22:54:07 INFO  ApacheHttpClient.getWebResourceAsStream(420) - responseCode = 200
2018-02-13 22:54:07 INFO  ApacheHttpClient.getTask(405) - responseCode = 200
2018-02-13 22:54:07 INFO  ApacheHttpClient.getTask(405) - responseCode = 200
2018-02-13 22:54:08 INFO  ApacheHttpClient.getWebResourceAsStream(420) - responseCode = 200
2018-02-13 22:54:13 INFO  ApacheHttpClient.completed(27) - responseCode = 200
2018-02-13 22:54:56 INFO  ApacheHttpClient.sendEvent(450) - responseCode = 200
2018-02-13 22:54:59 INFO  ApacheHttpClient.getWebResourceAsStream(420) - responseCode = 200
2018-02-13 22:54:59 INFO  ApacheHttpClient.getTask(405) - responseCode = 200
2018-02-13 22:54:59 INFO  ApacheHttpClient.getWebResourceAsStream(420) - responseCode = 200
2018-02-13 22:55:02 INFO  ApacheHttpClient.completed(27) - responseCode = 200
2018-02-13 22:55:02 INFO  ApacheHttpClient.getTask(405) - responseCode = 200
2018-02-13 22:55:11 INFO  ApacheHttpClient.getWebResourceAsStream(420) - responseCode = 200
2018-02-13 22:55:11 INFO  ApacheHttpClient.getFilteredTasks(307) - responseCode = 200
2018-02-13 22:55:15 INFO  ApacheHttpClient.getTaskTemplateInfo(324) - responseCode = 200
2018-02-13 22:55:16 INFO  ApacheHttpClient.testConnection(178) - responseCode = 200
2018-02-13 22:55:16 INFO  ApacheHttpClient.testConnection(185) - result = true
2018-02-13 22:55:16 INFO  ApacheHttpClient.testConnection(178) - responseCode = 200
2018-02-13 22:55:16 INFO  ApacheHttpClient.testConnection(185) - result = true
2018-02-13 22:55:16 INFO  ApacheHttpClient.getWebResourceAsStream(420) - responseCode = 200
2018-02-13 22:55:56 INFO  ApacheHttpClient.sendEvent(450) - responseCode = 200
2018-02-13 22:56:29 INFO  ApacheHttpClient.getWebResourceAsStream(420) - responseCode = 200
2018-02-13 22:56:29 INFO  ApacheHttpClient.getTask(405) - responseCode = 200
2018-02-13 22:56:56 INFO  ApacheHttpClient.sendEvent(450) - responseCode = 200
2018-02-13 22:57:56 INFO  ApacheHttpClient.sendEvent(450) - responseCode = 200
2018-02-13 22:58:56 INFO  ApacheHttpClient.sendEvent(450) - responseCode = 200
2018-02-13 22:59:56 INFO  ApacheHttpClient.sendEvent(450) - responseCode = 200
2018-02-13 23:00:56 INFO  ApacheHttpClient.sendEvent(450) - responseCode = 200
2018-02-13 23:01:16 INFO  ApacheHttpClient.getWebResourceAsStream(420) - responseCode = 200
2018-02-13 23:01:16 INFO  ApacheHttpClient.getTask(405) - responseCode = 200
2018-02-13 23:01:17 INFO  ApacheHttpClient.getWebResourceAsStream(420) - responseCode = 200
2018-02-13 23:01:20 INFO  ApacheHttpClient.completed(27) - responseCode = 200
2018-02-13 23:01:20 INFO  ApacheHttpClient.getTask(405) - responseCode = 200
2018-02-13 23:01:56 INFO  ApacheHttpClient.sendEvent(450) - responseCode = 200
2018-02-13 23:02:56 INFO  ApacheHttpClient.sendEvent(450) - responseCode = 200
2018-02-13 23:03:56 INFO  ApacheHttpClient.sendEvent(450) - responseCode = 200
2018-02-13 23:04:56 INFO  ApacheHttpClient.sendEvent(450) - responseCode = 200
2018-02-13 23:05:56 INFO  ApacheHttpClient.sendEvent(450) - responseCode = 200
2018-02-13 23:06:56 INFO  ApacheHttpClient.sendEvent(450) - responseCode = 200
2018-02-13 23:07:56 INFO  ApacheHttpClient.sendEvent(450) - responseCode = 200
2018-02-13 23:08:56 INFO  ApacheHttpClient.sendEvent(450) - responseCode = 200
2018-02-13 23:09:56 INFO  ApacheHttpClient.sendEvent(450) - responseCode = 200
2018-02-13 23:10:56 INFO  ApacheHttpClient.sendEvent(450) - responseCode = 200
2018-02-13 23:11:56 INFO  ApacheHttpClient.sendEvent(450) - responseCode = 200
2018-02-13 23:12:56 INFO  ApacheHttpClient.sendEvent(450) - responseCode = 200
2018-02-13 23:13:56 INFO  ApacheHttpClient.sendEvent(450) - responseCode = 200
2018-02-13 23:14:56 INFO  ApacheHttpClient.sendEvent(450) - responseCode = 200
2018-02-13 23:15:56 INFO  ApacheHttpClient.sendEvent(450) - responseCode = 200
2018-02-13 23:16:56 INFO  ApacheHttpClient.sendEvent(450) - responseCode = 200
2018-02-13 23:17:56 INFO  ApacheHttpClient.sendEvent(450) - responseCode = 200
2018-02-13 23:18:56 INFO  ApacheHttpClient.sendEvent(450) - responseCode = 200
2018-02-13 23:19:56 INFO  ApacheHttpClient.sendEvent(450) - responseCode = 200
2018-02-13 23:20:56 INFO  ApacheHttpClient.sendEvent(450) - responseCode = 200
2018-02-13 23:21:56 INFO  ApacheHttpClient.sendEvent(450) - responseCode = 200
2018-02-13 23:22:56 INFO  ApacheHttpClient.sendEvent(450) - responseCode = 200
2018-02-13 23:23:56 INFO  ApacheHttpClient.sendEvent(450) - responseCode = 200
2018-02-13 23:24:56 INFO  ApacheHttpClient.sendEvent(450) - responseCode = 200
2018-02-13 23:25:56 INFO  ApacheHttpClient.sendEvent(450) - responseCode = 200
2018-02-13 23:26:56 INFO  ApacheHttpClient.sendEvent(450) - responseCode = 200
2018-02-13 23:27:56 INFO  ApacheHttpClient.sendEvent(450) - responseCode = 200
2018-02-13 23:28:56 INFO  ApacheHttpClient.sendEvent(450) - responseCode = 200
2018-02-13 23:29:56 INFO  ApacheHttpClient.sendEvent(450) - responseCode = 200
2018-02-13 23:30:56 INFO  ApacheHttpClient.sendEvent(450) - responseCode = 200
2018-02-13 23:31:56 INFO  ApacheHttpClient.sendEvent(450) - responseCode = 200
2018-02-13 23:32:56 INFO  ApacheHttpClient.sendEvent(450) - responseCode = 200
2018-02-13 23:33:56 INFO  ApacheHttpClient.sendEvent(450) - responseCode = 200
2018-02-13 23:34:56 INFO  ApacheHttpClient.sendEvent(450) - responseCode = 200
2018-02-13 23:35:55 INFO  ApacheHttpClient.getWebResourceAsStream(420) - responseCode = 200
2018-02-13 23:35:55 INFO  ApacheHttpClient.getFilteredTasks(307) - responseCode = 200
2018-02-13 23:35:56 INFO  ApacheHttpClient.sendEvent(450) - responseCode = 200
2018-02-13 23:36:03 INFO  ApacheHttpClient.getFilteredTasks(307) - responseCode = 200
2018-02-13 23:36:05 INFO  ApacheHttpClient.getTaskTemplateInfo(324) - responseCode = 200
2018-02-13 23:36:06 INFO  ApacheHttpClient.testConnection(178) - responseCode = 200
2018-02-13 23:36:06 INFO  ApacheHttpClient.testConnection(185) - result = true
2018-02-13 23:36:07 INFO  ApacheHttpClient.testConnection(178) - responseCode = 200
2018-02-13 23:36:07 INFO  ApacheHttpClient.testConnection(185) - result = true
2018-02-13 23:36:07 INFO  ApacheHttpClient.getWebResourceAsStream(420) - responseCode = 200
2018-02-13 23:36:18 INFO  ApacheHttpClient.getWebResourceAsStream(420) - responseCode = 200
2018-02-13 23:36:18 INFO  ApacheHttpClient.getTask(405) - responseCode = 200
2018-02-13 23:36:19 INFO  ApacheHttpClient.getWebResourceAsStream(420) - responseCode = 200
2018-02-13 23:36:23 INFO  ApacheHttpClient.completed(27) - responseCode = 200
2018-02-13 23:36:23 INFO  ApacheHttpClient.getTask(405) - responseCode = 200
2018-02-13 23:36:56 INFO  ApacheHttpClient.sendEvent(450) - responseCode = 200
2018-02-13 23:37:56 INFO  ApacheHttpClient.sendEvent(450) - responseCode = 200
2018-02-13 23:38:56 INFO  ApacheHttpClient.sendEvent(450) - responseCode = 200
2018-02-13 23:39:56 INFO  ApacheHttpClient.sendEvent(450) - responseCode = 200
2018-02-13 23:40:56 INFO  ApacheHttpClient.sendEvent(450) - responseCode = 200
2018-02-13 23:41:56 INFO  ApacheHttpClient.sendEvent(450) - responseCode = 200
2018-02-13 23:42:56 INFO  ApacheHttpClient.sendEvent(450) - responseCode = 200
2018-02-13 23:43:56 INFO  ApacheHttpClient.sendEvent(450) - responseCode = 200
2018-02-13 23:44:56 INFO  ApacheHttpClient.sendEvent(450) - responseCode = 200
2018-02-13 23:45:56 INFO  ApacheHttpClient.sendEvent(450) - responseCode = 200
2018-02-13 23:46:56 INFO  ApacheHttpClient.sendEvent(450) - responseCode = 200
2018-02-13 23:47:56 INFO  ApacheHttpClient.sendEvent(450) - responseCode = 200
2018-02-13 23:48:56 INFO  ApacheHttpClient.sendEvent(450) - responseCode = 200
2018-02-13 23:49:56 INFO  ApacheHttpClient.sendEvent(450) - responseCode = 200
2018-02-13 23:50:56 INFO  ApacheHttpClient.sendEvent(450) - responseCode = 200
2018-02-13 23:51:56 INFO  ApacheHttpClient.sendEvent(450) - responseCode = 200
2018-02-13 23:52:56 INFO  ApacheHttpClient.sendEvent(450) - responseCode = 200
2018-02-13 23:53:56 INFO  ApacheHttpClient.sendEvent(450) - responseCode = 200
2018-02-13 23:54:56 INFO  ApacheHttpClient.sendEvent(450) - responseCode = 200
2018-02-13 23:55:56 INFO  ApacheHttpClient.sendEvent(450) - responseCode = 200
2018-02-13 23:56:56 INFO  ApacheHttpClient.sendEvent(450) - responseCode = 200
2018-02-13 23:57:56 INFO  ApacheHttpClient.sendEvent(450) - responseCode = 200
2018-02-13 23:58:56 INFO  ApacheHttpClient.sendEvent(450) - responseCode = 200
2018-02-13 23:59:56 INFO  ApacheHttpClient.sendEvent(450) - responseCode = 200
2018-02-13 23:59:56 INFO  ApacheHttpClient.getWebResourceAsStream(420) - responseCode = 200
2018-02-13 23:59:56 INFO  ApacheHttpClient.getFilteredTasks(307) - responseCode = 200
2018-02-14 00:00:02 INFO  ApacheHttpClient.getFilteredTasks(307) - responseCode = 200
2018-02-14 00:00:18 INFO  ApacheHttpClient.getTaskTemplateInfo(324) - responseCode = 200
2018-02-14 00:00:18 INFO  ApacheHttpClient.testConnection(178) - responseCode = 200
2018-02-14 00:00:18 INFO  ApacheHttpClient.testConnection(185) - result = true
2018-02-14 00:00:18 INFO  ApacheHttpClient.testConnection(178) - responseCode = 200
2018-02-14 00:00:18 INFO  ApacheHttpClient.testConnection(185) - result = true
2018-02-14 00:00:18 INFO  ApacheHttpClient.getWebResourceAsStream(420) - responseCode = 200
2018-02-14 00:00:44 INFO  JavaRushTasksProjectComponent.projectClosing(157) - ---------- Project JavaRushTasks closed ----------

2018-02-14 00:00:45 INFO  ApacheHttpClient.getTask(405) - responseCode = 200
2018-02-14 00:00:45 INFO  ApacheHttpClient.getTask(405) - responseCode = 200
2018-02-14 00:00:45 INFO  ApacheHttpClient.getTask(405) - responseCode = 200
2018-02-14 00:00:45 INFO  ApacheHttpClient.getTask(405) - responseCode = 200
2018-02-14 00:00:45 INFO  ApacheHttpClient.getTask(405) - responseCode = 200
2018-02-14 00:00:45 INFO  ApacheHttpClient.getTask(405) - responseCode = 200
2018-02-14 00:00:45 INFO  ApacheHttpClient.getTask(405) - responseCode = 200
2018-02-15 00:16:02 INFO  JavaRushTasksProjectComponent.projectOpened(68) - ---------- Project JavaRushTasks opened ----------

2018-02-15 00:16:02 INFO  ApacheHttpClient.createAsyncHttpClient(125) - Выбрано 1 прокси.
2018-02-15 00:16:03 INFO  ApacheHttpClient.<init>(85) - ApacheHttpClient проинстанциирован успешно.
2018-02-15 00:16:04 INFO  ApacheHttpClient.testConnection(178) - responseCode = 200
2018-02-15 00:16:04 INFO  ApacheHttpClient.testConnection(185) - result = true
2018-02-15 00:16:04 INFO  ApacheHttpClient.login(209) - Ожидание ответа сервера.
2018-02-15 00:16:04 INFO  ApacheHttpClient.login(209) - Ожидание ответа сервера.
2018-02-15 00:16:04 INFO  ApacheHttpClient.login(213) - responseCode = 200
2018-02-15 00:16:04 INFO  ApacheHttpClient.login(244) - JSESSIONID=051CCB1E7EEFFC865E373B5222F1E608
2018-02-15 00:16:04 INFO  ApacheHttpClient.refreshUserInfo(272) - responseCode = 200
2018-02-15 00:16:04 INFO  ApacheHttpClient.refreshUserInfo(278) - Информация о пользователе получена.
2018-02-15 00:16:05 INFO  ApacheHttpClient.startGA(32) - GAService запущен.
2018-02-15 00:16:05 INFO  AbstractRestApiClient.startService(70) - EventsService запущен.
2018-02-15 00:16:15 INFO  ApacheHttpClient.testConnection(178) - responseCode = 200
2018-02-15 00:16:15 INFO  ApacheHttpClient.testConnection(185) - result = true
2018-02-15 00:16:15 INFO  ApacheHttpClient.testConnection(178) - responseCode = 200
2018-02-15 00:16:15 INFO  ApacheHttpClient.testConnection(185) - result = true
2018-02-15 00:16:28 INFO  ApacheHttpClient.getWebResourceAsStream(420) - responseCode = 200
2018-02-15 00:16:37 INFO  ApacheHttpClient.testConnection(178) - responseCode = 200
2018-02-15 00:16:37 INFO  ApacheHttpClient.testConnection(185) - result = true
2018-02-15 00:16:44 INFO  ApacheHttpClient.testConnection(178) - responseCode = 200
2018-02-15 00:16:44 INFO  ApacheHttpClient.testConnection(185) - result = true
2018-02-15 00:16:45 INFO  ApacheHttpClient.testConnection(178) - responseCode = 200
2018-02-15 00:16:45 INFO  ApacheHttpClient.testConnection(185) - result = true
2018-02-15 00:17:05 INFO  ApacheHttpClient.sendEvent(450) - responseCode = 200
2018-02-15 00:18:05 INFO  ApacheHttpClient.sendEvent(450) - responseCode = 200
2018-02-15 00:19:05 INFO  ApacheHttpClient.sendEvent(450) - responseCode = 200
2018-02-15 00:20:05 INFO  ApacheHttpClient.sendEvent(450) - responseCode = 200
2018-02-15 00:21:05 INFO  ApacheHttpClient.sendEvent(450) - responseCode = 200
2018-02-15 00:22:05 INFO  ApacheHttpClient.sendEvent(450) - responseCode = 200
2018-02-15 00:23:05 INFO  ApacheHttpClient.sendEvent(450) - responseCode = 200
2018-02-15 00:24:05 INFO  ApacheHttpClient.sendEvent(450) - responseCode = 200
2018-02-15 00:24:22 INFO  ApacheHttpClient.testConnection(178) - responseCode = 200
2018-02-15 00:24:22 INFO  ApacheHttpClient.testConnection(185) - result = true
2018-02-15 00:25:05 INFO  ApacheHttpClient.sendEvent(450) - responseCode = 200
2018-02-15 00:26:06 INFO  ApacheHttpClient.sendEvent(450) - responseCode = 200
2018-02-15 00:27:05 INFO  ApacheHttpClient.sendEvent(450) - responseCode = 200
2018-02-15 00:28:05 INFO  ApacheHttpClient.sendEvent(450) - responseCode = 200
2018-02-15 00:29:05 INFO  ApacheHttpClient.sendEvent(450) - responseCode = 200
2018-02-15 00:30:05 INFO  ApacheHttpClient.sendEvent(450) - responseCode = 200
2018-02-15 00:31:05 INFO  ApacheHttpClient.sendEvent(450) - responseCode = 200
2018-02-15 00:31:08 INFO  JavaRushTasksProjectComponent.projectClosing(157) - ---------- Project JavaRushTasks closed ----------

2018-02-15 00:31:08 INFO  ApacheHttpClient.getTask(405) - responseCode = 200
2018-02-15 02:09:24 INFO  JavaRushTasksProjectComponent.projectOpened(68) - ---------- Project JavaRushTasks opened ----------

2018-02-15 02:09:24 INFO  ApacheHttpClient.refreshUserInfo(272) - responseCode = 200
2018-02-15 02:09:24 INFO  ApacheHttpClient.refreshUserInfo(278) - Информация о пользователе получена.
2018-02-15 02:09:25 INFO  ApacheHttpClient.startGA(32) - GAService запущен.
2018-02-15 02:09:25 INFO  AbstractRestApiClient.startService(70) - EventsService запущен.
2018-02-15 02:09:27 INFO  ApacheHttpClient.testConnection(178) - responseCode = 200
2018-02-15 02:09:27 INFO  ApacheHttpClient.testConnection(185) - result = true
2018-02-15 02:09:27 INFO  ApacheHttpClient.testConnection(178) - responseCode = 200
2018-02-15 02:09:27 INFO  ApacheHttpClient.testConnection(185) - result = true
2018-02-15 02:09:36 INFO  ApacheHttpClient.testConnection(178) - responseCode = 200
2018-02-15 02:09:36 INFO  ApacheHttpClient.testConnection(185) - result = true
2018-02-15 02:09:37 INFO  ApacheHttpClient.testConnection(178) - responseCode = 200
2018-02-15 02:09:37 INFO  ApacheHttpClient.testConnection(185) - result = true
2018-02-15 02:09:49 INFO  ApacheHttpClient.getWebResourceAsStream(420) - responseCode = 200
2018-02-15 02:10:13 INFO  ApacheHttpClient.testConnection(178) - responseCode = 200
2018-02-15 02:10:13 INFO  ApacheHttpClient.testConnection(185) - result = true
2018-02-15 02:10:26 INFO  ApacheHttpClient.sendEvent(450) - responseCode = 200
2018-02-15 02:11:26 INFO  ApacheHttpClient.sendEvent(450) - responseCode = 200
2018-02-15 02:12:26 INFO  ApacheHttpClient.sendEvent(450) - responseCode = 200
2018-02-15 02:13:26 INFO  ApacheHttpClient.sendEvent(450) - responseCode = 200
2018-02-15 02:14:26 INFO  ApacheHttpClient.sendEvent(450) - responseCode = 200
2018-02-15 02:15:26 INFO  ApacheHttpClient.sendEvent(450) - responseCode = 200
2018-02-15 02:16:26 INFO  ApacheHttpClient.sendEvent(450) - responseCode = 200
2018-02-15 02:17:26 INFO  ApacheHttpClient.sendEvent(450) - responseCode = 200
2018-02-15 02:18:26 INFO  ApacheHttpClient.sendEvent(450) - responseCode = 200
2018-02-15 02:19:26 INFO  ApacheHttpClient.sendEvent(450) - responseCode = 200
2018-02-15 02:20:26 INFO  ApacheHttpClient.sendEvent(450) - responseCode = 200
2018-02-15 02:21:26 INFO  ApacheHttpClient.sendEvent(450) - responseCode = 200
2018-02-15 02:22:26 INFO  ApacheHttpClient.sendEvent(450) - responseCode = 200
2018-02-15 02:23:26 INFO  ApacheHttpClient.sendEvent(450) - responseCode = 200
2018-02-15 02:24:26 INFO  ApacheHttpClient.sendEvent(450) - responseCode = 200
2018-02-15 02:25:26 INFO  ApacheHttpClient.sendEvent(450) - responseCode = 200
2018-02-15 02:26:26 INFO  ApacheHttpClient.sendEvent(450) - responseCode = 200
2018-02-15 02:27:26 INFO  ApacheHttpClient.sendEvent(450) - responseCode = 200
2018-02-15 02:28:26 INFO  ApacheHttpClient.sendEvent(450) - responseCode = 200
2018-02-15 02:29:26 INFO  ApacheHttpClient.sendEvent(450) - responseCode = 200
2018-02-15 02:30:26 INFO  ApacheHttpClient.sendEvent(450) - responseCode = 200
2018-02-15 02:31:26 INFO  ApacheHttpClient.sendEvent(450) - responseCode = 200
2018-02-15 02:32:26 INFO  ApacheHttpClient.sendEvent(450) - responseCode = 200
2018-02-15 02:33:26 INFO  ApacheHttpClient.sendEvent(450) - responseCode = 200
2018-02-15 02:34:26 INFO  ApacheHttpClient.sendEvent(450) - responseCode = 200
2018-02-15 02:35:26 INFO  ApacheHttpClient.sendEvent(450) - responseCode = 200
2018-02-15 02:35:47 INFO  ApacheHttpClient.getWebResourceAsStream(420) - responseCode = 200
2018-02-15 02:35:47 INFO  ApacheHttpClient.getTask(405) - responseCode = 200
2018-02-15 02:36:26 INFO  ApacheHttpClient.sendEvent(450) - responseCode = 200
2018-02-15 02:37:26 INFO  ApacheHttpClient.sendEvent(450) - responseCode = 200
2018-02-15 02:38:26 INFO  ApacheHttpClient.sendEvent(450) - responseCode = 200
2018-02-15 02:39:26 INFO  ApacheHttpClient.sendEvent(450) - responseCode = 200
2018-02-15 02:40:26 INFO  ApacheHttpClient.sendEvent(450) - responseCode = 200
2018-02-15 02:41:26 INFO  ApacheHttpClient.sendEvent(450) - responseCode = 200
2018-02-15 02:42:26 INFO  ApacheHttpClient.sendEvent(450) - responseCode = 200
2018-02-15 02:43:26 INFO  ApacheHttpClient.sendEvent(450) - responseCode = 200
2018-02-15 02:44:26 INFO  ApacheHttpClient.sendEvent(450) - responseCode = 200
2018-02-15 02:45:26 INFO  ApacheHttpClient.sendEvent(450) - responseCode = 200
2018-02-15 02:46:26 INFO  ApacheHttpClient.sendEvent(450) - responseCode = 200
2018-02-15 02:47:26 INFO  ApacheHttpClient.sendEvent(450) - responseCode = 200
2018-02-15 02:48:26 INFO  ApacheHttpClient.sendEvent(450) - responseCode = 200
2018-02-15 02:49:17 INFO  ApacheHttpClient.getWebResourceAsStream(420) - responseCode = 200
2018-02-15 02:49:18 INFO  ApacheHttpClient.getTask(405) - responseCode = 200
2018-02-15 02:49:18 INFO  ApacheHttpClient.getWebResourceAsStream(420) - responseCode = 200
2018-02-15 02:49:22 INFO  ApacheHttpClient.completed(27) - responseCode = 200
2018-02-15 02:49:26 INFO  ApacheHttpClient.sendEvent(450) - responseCode = 200
2018-02-15 02:50:26 INFO  ApacheHttpClient.sendEvent(450) - responseCode = 200
2018-02-15 02:50:27 INFO  ApacheHttpClient.getWebResourceAsStream(420) - responseCode = 200
2018-02-15 02:50:27 INFO  ApacheHttpClient.getTask(405) - responseCode = 200
2018-02-15 02:50:28 INFO  ApacheHttpClient.getWebResourceAsStream(420) - responseCode = 200
2018-02-15 02:50:32 INFO  ApacheHttpClient.completed(27) - responseCode = 200
2018-02-15 02:51:26 INFO  ApacheHttpClient.sendEvent(450) - responseCode = 200
2018-02-15 02:52:26 INFO  ApacheHttpClient.sendEvent(450) - responseCode = 200
2018-02-15 02:53:26 INFO  ApacheHttpClient.sendEvent(450) - responseCode = 200
2018-02-15 02:54:26 INFO  ApacheHttpClient.sendEvent(450) - responseCode = 200
2018-02-15 02:55:26 INFO  ApacheHttpClient.sendEvent(450) - responseCode = 200
2018-02-15 02:56:26 INFO  ApacheHttpClient.sendEvent(450) - responseCode = 200
2018-02-15 02:57:11 INFO  ApacheHttpClient.getWebResourceAsStream(420) - responseCode = 200
2018-02-15 02:57:11 INFO  ApacheHttpClient.getTask(405) - responseCode = 200
2018-02-15 02:57:12 INFO  ApacheHttpClient.getWebResourceAsStream(420) - responseCode = 200
2018-02-15 02:57:15 INFO  ApacheHttpClient.completed(27) - responseCode = 200
2018-02-15 02:57:26 INFO  ApacheHttpClient.sendEvent(450) - responseCode = 200
2018-02-15 02:58:26 INFO  ApacheHttpClient.sendEvent(450) - responseCode = 200
2018-02-15 02:59:26 INFO  ApacheHttpClient.sendEvent(450) - responseCode = 200
2018-02-15 02:59:52 INFO  ApacheHttpClient.getWebResourceAsStream(420) - responseCode = 200
2018-02-15 02:59:53 INFO  ApacheHttpClient.getTask(405) - responseCode = 200
2018-02-15 02:59:53 INFO  ApacheHttpClient.getWebResourceAsStream(420) - responseCode = 200
2018-02-15 02:59:56 INFO  ApacheHttpClient.completed(27) - responseCode = 200
2018-02-15 03:00:26 INFO  ApacheHttpClient.sendEvent(450) - responseCode = 200
2018-02-15 03:01:26 INFO  ApacheHttpClient.sendEvent(450) - responseCode = 200
2018-02-15 03:02:26 INFO  ApacheHttpClient.sendEvent(450) - responseCode = 200
2018-02-15 03:03:26 INFO  ApacheHttpClient.sendEvent(450) - responseCode = 200
2018-02-15 03:04:26 INFO  ApacheHttpClient.sendEvent(450) - responseCode = 200
2018-02-15 03:05:26 INFO  ApacheHttpClient.sendEvent(450) - responseCode = 200
2018-02-15 03:06:26 INFO  ApacheHttpClient.sendEvent(450) - responseCode = 200
2018-02-15 03:07:26 INFO  ApacheHttpClient.sendEvent(450) - responseCode = 200
2018-02-15 03:08:26 INFO  ApacheHttpClient.sendEvent(450) - responseCode = 200
2018-02-15 03:09:26 INFO  ApacheHttpClient.sendEvent(450) - responseCode = 200
2018-02-15 03:10:26 INFO  ApacheHttpClient.sendEvent(450) - responseCode = 200
2018-02-15 03:11:26 INFO  ApacheHttpClient.sendEvent(450) - responseCode = 200
2018-02-15 03:12:26 INFO  ApacheHttpClient.sendEvent(450) - responseCode = 200
2018-02-15 03:13:26 INFO  ApacheHttpClient.sendEvent(450) - responseCode = 200
2018-02-15 03:14:26 INFO  ApacheHttpClient.sendEvent(450) - responseCode = 200
2018-02-15 03:15:26 INFO  ApacheHttpClient.sendEvent(450) - responseCode = 200
2018-02-15 03:16:26 INFO  ApacheHttpClient.sendEvent(450) - responseCode = 200
2018-02-15 03:17:26 INFO  ApacheHttpClient.sendEvent(450) - responseCode = 200
2018-02-15 03:18:26 INFO  ApacheHttpClient.sendEvent(450) - responseCode = 200
2018-02-15 03:19:26 INFO  ApacheHttpClient.sendEvent(450) - responseCode = 200
2018-02-15 03:20:26 INFO  ApacheHttpClient.sendEvent(450) - responseCode = 200
2018-02-15 03:21:26 INFO  ApacheHttpClient.sendEvent(450) - responseCode = 200
2018-02-15 03:22:26 INFO  ApacheHttpClient.sendEvent(450) - responseCode = 200
2018-02-15 03:23:26 INFO  ApacheHttpClient.sendEvent(450) - responseCode = 200
2018-02-15 03:24:26 INFO  ApacheHttpClient.sendEvent(450) - responseCode = 200
2018-02-15 03:25:26 INFO  ApacheHttpClient.sendEvent(450) - responseCode = 200
2018-02-15 03:25:26 INFO  ApacheHttpClient.getWebResourceAsStream(420) - responseCode = 200
2018-02-15 03:25:27 INFO  ApacheHttpClient.getTask(405) - responseCode = 200
2018-02-15 03:25:28 INFO  ApacheHttpClient.getWebResourceAsStream(420) - responseCode = 200
2018-02-15 03:25:31 INFO  ApacheHttpClient.completed(27) - responseCode = 200
2018-02-15 03:26:26 INFO  ApacheHttpClient.sendEvent(450) - responseCode = 200
2018-02-15 03:27:01 INFO  ApacheHttpClient.getWebResourceAsStream(420) - responseCode = 200
2018-02-15 03:27:02 INFO  ApacheHttpClient.getTask(405) - responseCode = 200
2018-02-15 03:27:03 INFO  ApacheHttpClient.getWebResourceAsStream(420) - responseCode = 200
2018-02-15 03:27:06 INFO  ApacheHttpClient.completed(27) - responseCode = 200
2018-02-15 03:27:26 INFO  ApacheHttpClient.sendEvent(450) - responseCode = 200
2018-02-15 03:28:26 INFO  ApacheHttpClient.sendEvent(450) - responseCode = 200
2018-02-15 03:29:26 INFO  ApacheHttpClient.sendEvent(450) - responseCode = 200
2018-02-15 03:30:26 INFO  ApacheHttpClient.sendEvent(450) - responseCode = 200
2018-02-15 03:31:26 INFO  ApacheHttpClient.sendEvent(450) - responseCode = 200
2018-02-15 03:32:26 INFO  ApacheHttpClient.sendEvent(450) - responseCode = 200
2018-02-15 03:33:26 INFO  ApacheHttpClient.sendEvent(450) - responseCode = 200
2018-02-15 03:34:26 INFO  ApacheHttpClient.sendEvent(450) - responseCode = 200
2018-02-15 03:35:26 INFO  ApacheHttpClient.sendEvent(450) - responseCode = 200
2018-02-15 03:36:26 INFO  ApacheHttpClient.sendEvent(450) - responseCode = 200
2018-02-15 03:37:26 INFO  ApacheHttpClient.sendEvent(450) - responseCode = 200
2018-02-15 03:37:36 INFO  ApacheHttpClient.getWebResourceAsStream(420) - responseCode = 200
2018-02-15 03:37:36 INFO  ApacheHttpClient.getTask(405) - responseCode = 200
2018-02-15 03:37:37 INFO  ApacheHttpClient.getWebResourceAsStream(420) - responseCode = 200
2018-02-15 03:37:41 INFO  ApacheHttpClient.completed(27) - responseCode = 200
2018-02-15 03:38:26 INFO  ApacheHttpClient.sendEvent(450) - responseCode = 200
2018-02-15 03:39:26 INFO  ApacheHttpClient.sendEvent(450) - responseCode = 200
2018-02-15 03:40:26 INFO  ApacheHttpClient.sendEvent(450) - responseCode = 200
2018-02-15 03:41:26 INFO  ApacheHttpClient.sendEvent(450) - responseCode = 200
2018-02-15 03:42:26 INFO  ApacheHttpClient.sendEvent(450) - responseCode = 200
2018-02-15 03:43:26 INFO  ApacheHttpClient.sendEvent(450) - responseCode = 200
2018-02-15 03:44:26 INFO  ApacheHttpClient.sendEvent(450) - responseCode = 200
2018-02-15 03:45:26 INFO  ApacheHttpClient.sendEvent(450) - responseCode = 200
2018-02-15 03:46:26 INFO  ApacheHttpClient.sendEvent(450) - responseCode = 200
2018-02-15 03:47:26 INFO  ApacheHttpClient.sendEvent(450) - responseCode = 200
2018-02-15 03:48:26 INFO  ApacheHttpClient.sendEvent(450) - responseCode = 200
2018-02-15 03:49:26 INFO  ApacheHttpClient.sendEvent(450) - responseCode = 200
2018-02-15 03:50:26 INFO  ApacheHttpClient.sendEvent(450) - responseCode = 200
2018-02-15 03:51:26 INFO  ApacheHttpClient.sendEvent(450) - responseCode = 200
2018-02-15 03:52:26 INFO  ApacheHttpClient.sendEvent(450) - responseCode = 200
2018-02-15 03:53:26 INFO  ApacheHttpClient.sendEvent(450) - responseCode = 200
2018-02-15 03:54:26 INFO  ApacheHttpClient.sendEvent(450) - responseCode = 200
2018-02-15 03:55:26 INFO  ApacheHttpClient.sendEvent(450) - responseCode = 200
2018-02-15 03:55:43 INFO  ApacheHttpClient.getWebResourceAsStream(420) - responseCode = 200
2018-02-15 03:55:44 INFO  ApacheHttpClient.getTask(405) - responseCode = 200
2018-02-15 03:55:45 INFO  ApacheHttpClient.getWebResourceAsStream(420) - responseCode = 200
2018-02-15 03:55:47 INFO  ApacheHttpClient.completed(27) - responseCode = 200
2018-02-15 03:56:26 INFO  ApacheHttpClient.sendEvent(450) - responseCode = 200
2018-02-15 03:57:26 INFO  ApacheHttpClient.sendEvent(450) - responseCode = 200
2018-02-15 03:58:26 INFO  ApacheHttpClient.sendEvent(450) - responseCode = 200
2018-02-15 03:59:26 INFO  ApacheHttpClient.sendEvent(450) - responseCode = 200
2018-02-15 04:00:26 INFO  ApacheHttpClient.sendEvent(450) - responseCode = 200
2018-02-15 04:01:26 INFO  ApacheHttpClient.sendEvent(450) - responseCode = 200
2018-02-15 04:02:26 INFO  ApacheHttpClient.sendEvent(450) - responseCode = 200
2018-02-15 04:03:26 INFO  ApacheHttpClient.sendEvent(450) - responseCode = 200
2018-02-15 04:04:26 INFO  ApacheHttpClient.sendEvent(450) - responseCode = 200
2018-02-15 04:05:26 INFO  ApacheHttpClient.sendEvent(450) - responseCode = 200
2018-02-15 04:06:26 INFO  ApacheHttpClient.sendEvent(450) - responseCode = 200
2018-02-15 04:07:26 INFO  ApacheHttpClient.sendEvent(450) - responseCode = 200
2018-02-15 04:08:26 INFO  ApacheHttpClient.sendEvent(450) - responseCode = 200
2018-02-15 04:09:26 INFO  ApacheHttpClient.sendEvent(450) - responseCode = 200
2018-02-15 04:10:26 INFO  ApacheHttpClient.sendEvent(450) - responseCode = 200
2018-02-15 04:11:26 INFO  ApacheHttpClient.sendEvent(450) - responseCode = 200
2018-02-15 04:12:26 INFO  ApacheHttpClient.sendEvent(450) - responseCode = 200
2018-02-15 04:13:26 INFO  ApacheHttpClient.sendEvent(450) - responseCode = 200
2018-02-15 04:14:26 INFO  ApacheHttpClient.sendEvent(450) - responseCode = 200
2018-02-15 04:14:35 INFO  ApacheHttpClient.getWebResourceAsStream(420) - responseCode = 200
2018-02-15 04:14:35 INFO  ApacheHttpClient.getTask(405) - responseCode = 200
2018-02-15 04:14:36 INFO  ApacheHttpClient.getWebResourceAsStream(420) - responseCode = 200
2018-02-15 04:14:36 INFO  ApacheHttpClient.completed(27) - responseCode = 200
2018-02-15 04:14:48 INFO  ApacheHttpClient.getWebResourceAsStream(420) - responseCode = 200
2018-02-15 04:14:48 INFO  ApacheHttpClient.getTask(405) - responseCode = 200
2018-02-15 04:14:49 INFO  ApacheHttpClient.getWebResourceAsStream(420) - responseCode = 200
2018-02-15 04:14:52 INFO  ApacheHttpClient.completed(27) - responseCode = 200
2018-02-15 04:14:52 INFO  ApacheHttpClient.getTask(405) - responseCode = 200
2018-02-15 04:14:59 INFO  ApacheHttpClient.getWebResourceAsStream(420) - responseCode = 200
2018-02-15 04:14:59 INFO  ApacheHttpClient.getFilteredTasks(307) - responseCode = 200
2018-02-15 04:15:04 INFO  ApacheHttpClient.getTaskTemplateInfo(324) - responseCode = 200
2018-02-15 04:15:04 INFO  ApacheHttpClient.testConnection(178) - responseCode = 200
2018-02-15 04:15:04 INFO  ApacheHttpClient.testConnection(185) - result = true
2018-02-15 04:15:05 INFO  ApacheHttpClient.testConnection(178) - responseCode = 200
2018-02-15 04:15:05 INFO  ApacheHttpClient.testConnection(185) - result = true
2018-02-15 04:15:05 INFO  ApacheHttpClient.getWebResourceAsStream(420) - responseCode = 200
2018-02-15 04:15:26 INFO  ApacheHttpClient.sendEvent(450) - responseCode = 200
2018-02-15 04:16:26 INFO  ApacheHttpClient.sendEvent(450) - responseCode = 200
2018-02-15 04:17:26 INFO  ApacheHttpClient.sendEvent(450) - responseCode = 200
2018-02-15 04:18:26 INFO  ApacheHttpClient.sendEvent(450) - responseCode = 200
2018-02-15 04:19:26 INFO  ApacheHttpClient.sendEvent(450) - responseCode = 200
2018-02-15 04:20:26 INFO  ApacheHttpClient.sendEvent(450) - responseCode = 200
2018-02-15 04:21:26 INFO  ApacheHttpClient.sendEvent(450) - responseCode = 200
2018-02-15 04:22:16 INFO  ApacheHttpClient.getWebResourceAsStream(420) - responseCode = 200
2018-02-15 04:22:16 INFO  ApacheHttpClient.getTask(405) - responseCode = 200
2018-02-15 04:22:17 INFO  ApacheHttpClient.getWebResourceAsStream(420) - responseCode = 200
2018-02-15 04:22:17 INFO  ApacheHttpClient.completed(27) - responseCode = 200
2018-02-15 04:22:26 INFO  ApacheHttpClient.sendEvent(450) - responseCode = 200
2018-02-15 04:22:27 INFO  ApacheHttpClient.getWebResourceAsStream(420) - responseCode = 200
2018-02-15 04:22:27 INFO  ApacheHttpClient.getTask(405) - responseCode = 200
2018-02-15 04:22:28 INFO  ApacheHttpClient.getWebResourceAsStream(420) - responseCode = 200
2018-02-15 04:22:32 INFO  ApacheHttpClient.completed(27) - responseCode = 200
2018-02-15 04:23:26 INFO  ApacheHttpClient.sendEvent(450) - responseCode = 200
2018-02-15 04:23:53 INFO  ApacheHttpClient.getWebResourceAsStream(420) - responseCode = 200
2018-02-15 04:23:53 INFO  ApacheHttpClient.getTask(405) - responseCode = 200
2018-02-15 04:24:26 INFO  ApacheHttpClient.sendEvent(450) - responseCode = 200
2018-02-15 04:24:43 INFO  ApacheHttpClient.getWebResourceAsStream(420) - responseCode = 200
2018-02-15 04:24:43 INFO  ApacheHttpClient.getTask(405) - responseCode = 200
2018-02-15 04:24:44 INFO  ApacheHttpClient.getWebResourceAsStream(420) - responseCode = 200
2018-02-15 04:24:48 INFO  ApacheHttpClient.completed(27) - responseCode = 200
2018-02-15 04:24:48 INFO  ApacheHttpClient.getTask(405) - responseCode = 200
2018-02-15 04:24:52 INFO  ApacheHttpClient.getWebResourceAsStream(420) - responseCode = 200
2018-02-15 04:24:52 INFO  ApacheHttpClient.getFilteredTasks(307) - responseCode = 200
2018-02-15 04:24:55 INFO  ApacheHttpClient.getTaskTemplateInfo(324) - responseCode = 200
2018-02-15 04:24:56 INFO  ApacheHttpClient.testConnection(178) - responseCode = 200
2018-02-15 04:24:56 INFO  ApacheHttpClient.testConnection(185) - result = true
2018-02-15 04:24:56 INFO  ApacheHttpClient.testConnection(178) - responseCode = 200
2018-02-15 04:24:56 INFO  ApacheHttpClient.testConnection(185) - result = true
2018-02-15 04:24:56 INFO  ApacheHttpClient.getWebResourceAsStream(420) - responseCode = 200
2018-02-15 04:25:26 INFO  ApacheHttpClient.sendEvent(450) - responseCode = 200
2018-02-15 04:26:26 INFO  ApacheHttpClient.sendEvent(450) - responseCode = 200
2018-02-15 04:27:16 INFO  ApacheHttpClient.getWebResourceAsStream(420) - responseCode = 200
2018-02-15 04:27:16 INFO  ApacheHttpClient.getTask(405) - responseCode = 200
2018-02-15 04:27:26 INFO  ApacheHttpClient.sendEvent(450) - responseCode = 200
2018-02-15 04:28:26 INFO  ApacheHttpClient.sendEvent(450) - responseCode = 200
2018-02-15 04:29:26 INFO  ApacheHttpClient.sendEvent(450) - responseCode = 200
2018-02-15 04:30:26 INFO  ApacheHttpClient.sendEvent(450) - responseCode = 200
2018-02-15 04:31:26 INFO  ApacheHttpClient.sendEvent(450) - responseCode = 200
2018-02-15 04:31:45 INFO  ApacheHttpClient.getWebResourceAsStream(420) - responseCode = 200
2018-02-15 04:31:45 INFO  ApacheHttpClient.getTask(405) - responseCode = 200
2018-02-15 04:32:26 INFO  ApacheHttpClient.sendEvent(450) - responseCode = 200
2018-02-15 04:33:26 INFO  ApacheHttpClient.sendEvent(450) - responseCode = 200
2018-02-15 04:34:26 INFO  ApacheHttpClient.sendEvent(450) - responseCode = 200
2018-02-15 04:35:26 INFO  ApacheHttpClient.sendEvent(450) - responseCode = 200
2018-02-15 04:36:26 INFO  ApacheHttpClient.sendEvent(450) - responseCode = 200
2018-02-15 04:37:26 INFO  ApacheHttpClient.sendEvent(450) - responseCode = 200
2018-02-15 04:38:26 INFO  ApacheHttpClient.sendEvent(450) - responseCode = 200
2018-02-15 04:38:35 INFO  ApacheHttpClient.getWebResourceAsStream(420) - responseCode = 200
2018-02-15 04:38:35 INFO  ApacheHttpClient.getTask(405) - responseCode = 200
2018-02-15 04:38:36 INFO  ApacheHttpClient.getWebResourceAsStream(420) - responseCode = 200
2018-02-15 04:38:39 INFO  ApacheHttpClient.completed(27) - responseCode = 200
2018-02-15 04:38:39 INFO  ApacheHttpClient.getTask(405) - responseCode = 200
2018-02-15 04:38:43 INFO  ApacheHttpClient.getWebResourceAsStream(420) - responseCode = 200
2018-02-15 04:38:43 INFO  ApacheHttpClient.getFilteredTasks(307) - responseCode = 200
2018-02-15 04:38:53 INFO  ApacheHttpClient.getTaskTemplateInfo(324) - responseCode = 200
2018-02-15 04:38:54 INFO  ApacheHttpClient.testConnection(178) - responseCode = 200
2018-02-15 04:38:54 INFO  ApacheHttpClient.testConnection(185) - result = true
2018-02-15 04:38:54 INFO  ApacheHttpClient.testConnection(178) - responseCode = 200
2018-02-15 04:38:54 INFO  ApacheHttpClient.testConnection(185) - result = true
2018-02-15 04:38:54 INFO  ApacheHttpClient.getWebResourceAsStream(420) - responseCode = 200
2018-02-15 04:39:26 INFO  ApacheHttpClient.sendEvent(450) - responseCode = 200
2018-02-15 04:40:26 INFO  ApacheHttpClient.sendEvent(450) - responseCode = 200
2018-02-15 04:41:26 INFO  ApacheHttpClient.sendEvent(450) - responseCode = 200
2018-02-15 04:42:26 INFO  ApacheHttpClient.sendEvent(450) - responseCode = 200
2018-02-15 04:43:26 INFO  ApacheHttpClient.sendEvent(450) - responseCode = 200
2018-02-15 04:44:26 INFO  ApacheHttpClient.sendEvent(450) - responseCode = 200
2018-02-15 04:45:26 INFO  ApacheHttpClient.sendEvent(450) - responseCode = 200
2018-02-15 04:46:26 INFO  ApacheHttpClient.sendEvent(450) - responseCode = 200
2018-02-15 04:47:26 INFO  ApacheHttpClient.sendEvent(450) - responseCode = 200
2018-02-15 04:48:26 INFO  ApacheHttpClient.sendEvent(450) - responseCode = 200
2018-02-15 04:49:26 INFO  ApacheHttpClient.sendEvent(450) - responseCode = 200
2018-02-15 04:50:26 INFO  ApacheHttpClient.sendEvent(450) - responseCode = 200
2018-02-15 04:51:26 INFO  ApacheHttpClient.sendEvent(450) - responseCode = 200
2018-02-15 04:52:26 INFO  ApacheHttpClient.sendEvent(450) - responseCode = 200
2018-02-15 04:53:26 INFO  ApacheHttpClient.sendEvent(450) - responseCode = 200
2018-02-15 04:54:26 INFO  ApacheHttpClient.sendEvent(450) - responseCode = 200
2018-02-15 04:55:26 INFO  ApacheHttpClient.sendEvent(450) - responseCode = 200
2018-02-15 04:56:26 INFO  ApacheHttpClient.sendEvent(450) - responseCode = 200
2018-02-15 04:57:26 INFO  ApacheHttpClient.sendEvent(450) - responseCode = 200
2018-02-15 04:58:26 INFO  ApacheHttpClient.sendEvent(450) - responseCode = 200
2018-02-15 04:59:26 INFO  ApacheHttpClient.sendEvent(450) - responseCode = 200
2018-02-15 05:00:26 INFO  ApacheHttpClient.sendEvent(450) - responseCode = 200
2018-02-15 05:01:26 INFO  ApacheHttpClient.sendEvent(450) - responseCode = 200
2018-02-15 05:02:26 INFO  ApacheHttpClient.sendEvent(450) - responseCode = 200
2018-02-15 05:03:26 INFO  ApacheHttpClient.sendEvent(450) - responseCode = 200
2018-02-15 05:04:26 INFO  ApacheHttpClient.sendEvent(450) - responseCode = 200
2018-02-15 05:05:26 INFO  ApacheHttpClient.sendEvent(450) - responseCode = 200
2018-02-15 05:06:26 INFO  ApacheHttpClient.sendEvent(450) - responseCode = 200
2018-02-15 05:07:26 INFO  ApacheHttpClient.sendEvent(450) - responseCode = 200
2018-02-15 05:08:26 INFO  ApacheHttpClient.sendEvent(450) - responseCode = 200
2018-02-15 05:09:26 INFO  ApacheHttpClient.sendEvent(450) - responseCode = 200
2018-02-15 05:10:26 INFO  ApacheHttpClient.sendEvent(450) - responseCode = 200
2018-02-15 05:11:26 INFO  ApacheHttpClient.sendEvent(450) - responseCode = 200
2018-02-15 05:12:26 INFO  ApacheHttpClient.sendEvent(450) - responseCode = 200
2018-02-15 05:13:26 INFO  ApacheHttpClient.sendEvent(450) - responseCode = 200
2018-02-15 05:14:26 INFO  ApacheHttpClient.sendEvent(450) - responseCode = 200
2018-02-15 05:15:26 INFO  ApacheHttpClient.sendEvent(450) - responseCode = 200
2018-02-15 05:16:26 INFO  ApacheHttpClient.sendEvent(450) - responseCode = 200
2018-02-15 05:17:26 INFO  ApacheHttpClient.sendEvent(450) - responseCode = 200
2018-02-15 05:18:26 INFO  ApacheHttpClient.sendEvent(450) - responseCode = 200
2018-02-15 05:19:26 INFO  ApacheHttpClient.sendEvent(450) - responseCode = 200
2018-02-15 05:20:26 INFO  ApacheHttpClient.sendEvent(450) - responseCode = 200
2018-02-15 05:21:26 INFO  ApacheHttpClient.sendEvent(450) - responseCode = 200
2018-02-15 05:22:26 INFO  ApacheHttpClient.sendEvent(450) - responseCode = 200
2018-02-15 05:23:26 INFO  ApacheHttpClient.sendEvent(450) - responseCode = 200
2018-02-15 05:24:26 INFO  ApacheHttpClient.sendEvent(450) - responseCode = 200
2018-02-15 05:25:26 INFO  ApacheHttpClient.sendEvent(450) - responseCode = 200
2018-02-15 05:26:25 INFO  ApacheHttpClient.getWebResourceAsStream(420) - responseCode = 200
2018-02-15 05:26:25 INFO  ApacheHttpClient.getTask(405) - responseCode = 200
2018-02-15 05:26:26 INFO  ApacheHttpClient.sendEvent(450) - responseCode = 200
2018-02-15 05:27:26 INFO  ApacheHttpClient.sendEvent(450) - responseCode = 200
2018-02-15 05:28:26 INFO  ApacheHttpClient.sendEvent(450) - responseCode = 200
2018-02-15 05:29:26 INFO  ApacheHttpClient.sendEvent(450) - responseCode = 200
2018-02-15 05:30:26 INFO  ApacheHttpClient.sendEvent(450) - responseCode = 200
2018-02-15 05:31:26 INFO  ApacheHttpClient.sendEvent(450) - responseCode = 200
2018-02-15 05:32:26 INFO  ApacheHttpClient.sendEvent(450) - responseCode = 200
2018-02-15 05:33:26 INFO  ApacheHttpClient.sendEvent(450) - responseCode = 200
2018-02-15 05:34:26 INFO  ApacheHttpClient.sendEvent(450) - responseCode = 200
2018-02-15 05:35:26 INFO  ApacheHttpClient.sendEvent(450) - responseCode = 200
2018-02-15 05:36:26 INFO  ApacheHttpClient.sendEvent(450) - responseCode = 200
2018-02-15 05:37:26 INFO  ApacheHttpClient.sendEvent(450) - responseCode = 200
2018-02-15 05:38:26 INFO  ApacheHttpClient.sendEvent(450) - responseCode = 200
2018-02-15 05:39:26 INFO  ApacheHttpClient.sendEvent(450) - responseCode = 200
2018-02-15 05:40:26 INFO  ApacheHttpClient.sendEvent(450) - responseCode = 200
2018-02-15 05:41:26 INFO  ApacheHttpClient.sendEvent(450) - responseCode = 200
2018-02-15 05:42:26 INFO  ApacheHttpClient.sendEvent(450) - responseCode = 200
2018-02-15 05:43:26 INFO  ApacheHttpClient.sendEvent(450) - responseCode = 200
2018-02-15 05:44:26 INFO  ApacheHttpClient.sendEvent(450) - responseCode = 200
2018-02-15 05:45:26 INFO  ApacheHttpClient.sendEvent(450) - responseCode = 200
2018-02-15 05:46:26 INFO  ApacheHttpClient.sendEvent(450) - responseCode = 200
2018-02-15 05:47:26 INFO  ApacheHttpClient.sendEvent(450) - responseCode = 200
2018-02-15 05:48:26 INFO  ApacheHttpClient.sendEvent(450) - responseCode = 200
2018-02-15 05:49:26 INFO  ApacheHttpClient.sendEvent(450) - responseCode = 200
2018-02-15 05:50:26 INFO  ApacheHttpClient.sendEvent(450) - responseCode = 200
2018-02-15 05:51:26 INFO  ApacheHttpClient.sendEvent(450) - responseCode = 200
2018-02-15 05:52:26 INFO  ApacheHttpClient.sendEvent(450) - responseCode = 200
2018-02-15 05:53:26 INFO  ApacheHttpClient.sendEvent(450) - responseCode = 200
2018-02-15 05:54:26 INFO  ApacheHttpClient.sendEvent(450) - responseCode = 200
2018-02-15 05:55:26 INFO  ApacheHttpClient.sendEvent(450) - responseCode = 200
2018-02-15 05:55:36 INFO  ApacheHttpClient.getWebResourceAsStream(420) - responseCode = 200
2018-02-15 05:55:37 INFO  ApacheHttpClient.getTask(405) - responseCode = 200
2018-02-15 05:56:26 INFO  ApacheHttpClient.sendEvent(450) - responseCode = 200
2018-02-15 05:57:26 INFO  ApacheHttpClient.sendEvent(450) - responseCode = 200
2018-02-15 05:58:26 INFO  ApacheHttpClient.sendEvent(450) - responseCode = 200
2018-02-15 05:59:26 INFO  ApacheHttpClient.sendEvent(450) - responseCode = 200
2018-02-15 06:00:26 INFO  ApacheHttpClient.sendEvent(450) - responseCode = 200
2018-02-15 06:00:37 INFO  ApacheHttpClient.getWebResourceAsStream(420) - responseCode = 200
2018-02-15 06:00:37 INFO  ApacheHttpClient.getTask(405) - responseCode = 200
2018-02-15 06:00:38 INFO  ApacheHttpClient.getWebResourceAsStream(420) - responseCode = 200
2018-02-15 06:00:40 INFO  ApacheHttpClient.completed(27) - responseCode = 200
2018-02-15 06:01:26 INFO  ApacheHttpClient.sendEvent(450) - responseCode = 200
2018-02-15 06:02:26 INFO  ApacheHttpClient.sendEvent(450) - responseCode = 200
2018-02-15 06:03:26 INFO  ApacheHttpClient.sendEvent(450) - responseCode = 200
2018-02-15 06:03:45 INFO  JavaRushTasksProjectComponent.projectClosing(157) - ---------- Project JavaRushTasks closed ----------

2018-02-15 06:03:45 INFO  ApacheHttpClient.getTask(405) - responseCode = 200
2018-02-15 06:03:45 INFO  ApacheHttpClient.getTask(405) - responseCode = 200
2018-02-15 06:03:45 INFO  ApacheHttpClient.getTask(405) - responseCode = 200
2018-02-15 06:03:46 INFO  ApacheHttpClient.getTask(405) - responseCode = 200
2018-02-15 06:03:46 INFO  ApacheHttpClient.getTask(405) - responseCode = 200
2018-02-15 06:03:46 INFO  ApacheHttpClient.getTask(405) - responseCode = 200
2018-02-15 06:03:46 INFO  ApacheHttpClient.getTask(405) - responseCode = 200
2018-02-15 06:03:46 INFO  ApacheHttpClient.getTask(405) - responseCode = 200
2018-02-15 06:03:46 INFO  ApacheHttpClient.getTask(405) - responseCode = 200
2018-02-15 14:43:38 INFO  JavaRushTasksProjectComponent.projectOpened(68) - ---------- Project JavaRushTasks opened ----------

2018-02-15 14:43:38 INFO  ApacheHttpClient.createAsyncHttpClient(125) - Выбрано 1 прокси.
2018-02-15 14:43:38 INFO  ApacheHttpClient.<init>(85) - ApacheHttpClient проинстанциирован успешно.
2018-02-15 14:43:39 INFO  ApacheHttpClient.testConnection(178) - responseCode = 200
2018-02-15 14:43:39 INFO  ApacheHttpClient.testConnection(185) - result = true
2018-02-15 14:43:40 INFO  ApacheHttpClient.login(209) - Ожидание ответа сервера.
2018-02-15 14:43:40 INFO  ApacheHttpClient.login(209) - Ожидание ответа сервера.
2018-02-15 14:43:40 INFO  ApacheHttpClient.login(213) - responseCode = 200
2018-02-15 14:43:40 INFO  ApacheHttpClient.login(244) - JSESSIONID=F94367F7335E2EF762AB891FFEBF4517
2018-02-15 14:43:40 INFO  ApacheHttpClient.refreshUserInfo(272) - responseCode = 200
2018-02-15 14:43:40 INFO  ApacheHttpClient.refreshUserInfo(278) - Информация о пользователе получена.
2018-02-15 14:43:40 INFO  ApacheHttpClient.startGA(32) - GAService запущен.
2018-02-15 14:43:40 INFO  AbstractRestApiClient.startService(70) - EventsService запущен.
2018-02-15 14:43:49 INFO  ApacheHttpClient.testConnection(178) - responseCode = 200
2018-02-15 14:43:49 INFO  ApacheHttpClient.testConnection(185) - result = true
2018-02-15 14:43:50 INFO  ApacheHttpClient.testConnection(178) - responseCode = 200
2018-02-15 14:43:50 INFO  ApacheHttpClient.testConnection(185) - result = true
2018-02-15 14:43:55 INFO  ApacheHttpClient.testConnection(178) - responseCode = 200
2018-02-15 14:43:55 INFO  ApacheHttpClient.testConnection(185) - result = true
2018-02-15 14:44:02 INFO  ApacheHttpClient.getWebResourceAsStream(420) - responseCode = 200
2018-02-15 14:44:16 INFO  ApacheHttpClient.testConnection(178) - responseCode = 200
2018-02-15 14:44:16 INFO  ApacheHttpClient.testConnection(185) - result = true
2018-02-15 14:44:16 INFO  ApacheHttpClient.testConnection(178) - responseCode = 200
2018-02-15 14:44:16 INFO  ApacheHttpClient.testConnection(185) - result = true
2018-02-15 14:44:40 INFO  ApacheHttpClient.sendEvent(450) - responseCode = 200
2018-02-15 14:45:15 INFO  ApacheHttpClient.getWebResourceAsStream(420) - responseCode = 200
2018-02-15 14:45:17 INFO  ApacheHttpClient.resetTask(294) - responseCode = 200
2018-02-15 14:45:17 INFO  ApacheHttpClient.getTask(405) - responseCode = 200
2018-02-15 14:45:17 INFO  ApacheHttpClient.getTaskTemplateInfo(324) - responseCode = 200
2018-02-15 14:45:17 INFO  ApacheHttpClient.testConnection(178) - responseCode = 200
2018-02-15 14:45:17 INFO  ApacheHttpClient.testConnection(185) - result = true
2018-02-15 14:45:17 INFO  ApacheHttpClient.testConnection(178) - responseCode = 200
2018-02-15 14:45:17 INFO  ApacheHttpClient.testConnection(185) - result = true
2018-02-15 14:45:17 INFO  ApacheHttpClient.getWebResourceAsStream(420) - responseCode = 200
2018-02-15 14:45:40 INFO  ApacheHttpClient.sendEvent(450) - responseCode = 200
2018-02-15 14:46:40 INFO  ApacheHttpClient.sendEvent(450) - responseCode = 200
2018-02-15 14:47:40 INFO  ApacheHttpClient.sendEvent(450) - responseCode = 200
2018-02-15 14:48:40 INFO  ApacheHttpClient.sendEvent(450) - responseCode = 200
2018-02-15 14:49:40 INFO  ApacheHttpClient.sendEvent(450) - responseCode = 200
2018-02-15 14:50:40 INFO  ApacheHttpClient.sendEvent(450) - responseCode = 200
2018-02-15 14:51:40 INFO  ApacheHttpClient.sendEvent(450) - responseCode = 200
2018-02-15 14:52:40 INFO  ApacheHttpClient.sendEvent(450) - responseCode = 200
2018-02-15 14:53:40 INFO  ApacheHttpClient.sendEvent(450) - responseCode = 200
2018-02-15 14:55:10 INFO  ApacheHttpClient.sendEvent(450) - responseCode = 504
2018-02-15 14:56:10 INFO  ApacheHttpClient.sendEvent(450) - responseCode = 504
2018-02-15 14:57:10 INFO  ApacheHttpClient.sendEvent(450) - responseCode = 504
2018-02-15 14:57:58 INFO  ApacheHttpClient.getWebResourceAsStream(420) - responseCode = 504
2018-02-15 14:57:58 ERROR JavaRushUtil.isPluginNeedUpdate(439) - Ошибка во время проверки версии плагина JavaRush. : javax.xml.bind.UnmarshalException
2018-02-15 14:58:10 INFO  ApacheHttpClient.sendEvent(450) - responseCode = 504
2018-02-15 14:58:28 INFO  ApacheHttpClient.getWebResourceAsStream(420) - responseCode = 504
2018-02-15 14:58:28 INFO  ApacheHttpClient.getTask(405) - responseCode = 504
2018-02-15 14:58:28 ERROR ApacheHttpClient.getTask(410) - Ошибка во время выгрузки задачи. Убедитесь в доступности сети и попробуйте снова. : com.fasterxml.jackson.core.JsonParseException
2018-02-15 14:58:28 INFO  ApacheHttpClient.completed(27) - responseCode = 504
2018-02-15 14:58:28 ERROR TaskCompleted.run(130) - Ошибка во время проверки задания!

 StatusCode: 504 Gateway Time-out : com.fasterxml.jackson.core.JsonParseException
2018-02-15 14:59:10 INFO  ApacheHttpClient.sendEvent(450) - responseCode = 504
2018-02-15 14:59:26 INFO  ApacheHttpClient.getWebResourceAsStream(420) - responseCode = 504
2018-02-15 14:59:26 ERROR JavaRushUtil.isPluginNeedUpdate(439) - Ошибка во время проверки версии плагина JavaRush. : javax.xml.bind.UnmarshalException
2018-02-15 14:59:56 INFO  ApacheHttpClient.getWebResourceAsStream(420) - responseCode = 504
2018-02-15 14:59:56 INFO  ApacheHttpClient.getTask(405) - responseCode = 504
2018-02-15 14:59:56 INFO  ApacheHttpClient.completed(27) - responseCode = 504
2018-02-15 14:59:56 ERROR ApacheHttpClient.getTask(410) - Ошибка во время выгрузки задачи. Убедитесь в доступности сети и попробуйте снова. : com.fasterxml.jackson.core.JsonParseException
2018-02-15 14:59:56 ERROR TaskCompleted.run(130) - Ошибка во время проверки задания!

 StatusCode: 504 Gateway Time-out : com.fasterxml.jackson.core.JsonParseException
2018-02-15 15:00:11 INFO  ApacheHttpClient.sendEvent(450) - responseCode = 504
2018-02-15 15:00:13 INFO  ApacheHttpClient.getWebResourceAsStream(420) - responseCode = 502
2018-02-15 15:00:13 ERROR JavaRushUtil.isPluginNeedUpdate(439) - Ошибка во время проверки версии плагина JavaRush. : javax.xml.bind.UnmarshalException
2018-02-15 15:00:13 INFO  ApacheHttpClient.getTask(405) - responseCode = 502
2018-02-15 15:00:13 ERROR ApacheHttpClient.getTask(410) - Ошибка во время выгрузки задачи. Убедитесь в доступности сети и попробуйте снова. : com.fasterxml.jackson.core.JsonParseException
2018-02-15 15:00:17 INFO  JavaRushTasksProjectComponent.projectClosing(157) - ---------- Project JavaRushTasks closed ----------

2018-02-15 15:00:17 INFO  ApacheHttpClient.getTask(405) - responseCode = 502
2018-02-15 15:00:17 ERROR ApacheHttpClient.getTask(410) - Ошибка во время выгрузки задачи. Убедитесь в доступности сети и попробуйте снова. : com.fasterxml.jackson.core.JsonParseException
2018-02-15 18:40:22 INFO  JavaRushTasksProjectComponent.projectOpened(68) - ---------- Project JavaRushTasks opened ----------

2018-02-15 18:40:23 INFO  ApacheHttpClient.createAsyncHttpClient(125) - Выбрано 1 прокси.
2018-02-15 18:40:24 INFO  ApacheHttpClient.<init>(85) - ApacheHttpClient проинстанциирован успешно.
2018-02-15 18:40:25 INFO  ApacheHttpClient.testConnection(178) - responseCode = 200
2018-02-15 18:40:25 INFO  ApacheHttpClient.testConnection(185) - result = true
2018-02-15 18:40:25 INFO  ApacheHttpClient.login(209) - Ожидание ответа сервера.
2018-02-15 18:40:26 INFO  ApacheHttpClient.login(209) - Ожидание ответа сервера.
2018-02-15 18:40:26 INFO  ApacheHttpClient.login(213) - responseCode = 200
2018-02-15 18:40:26 INFO  ApacheHttpClient.login(244) - JSESSIONID=3DCE7B1BF265F5B9616C70B6388B78D2
2018-02-15 18:40:26 INFO  ApacheHttpClient.refreshUserInfo(272) - responseCode = 200
2018-02-15 18:40:26 INFO  ApacheHttpClient.refreshUserInfo(278) - Информация о пользователе получена.
2018-02-15 18:40:26 INFO  ApacheHttpClient.startGA(32) - GAService запущен.
2018-02-15 18:40:26 INFO  AbstractRestApiClient.startService(70) - EventsService запущен.
2018-02-15 18:40:38 INFO  ApacheHttpClient.testConnection(178) - responseCode = 200
2018-02-15 18:40:38 INFO  ApacheHttpClient.testConnection(185) - result = true
2018-02-15 18:40:38 INFO  ApacheHttpClient.testConnection(178) - responseCode = 200
2018-02-15 18:40:38 INFO  ApacheHttpClient.testConnection(185) - result = true
2018-02-15 18:41:03 INFO  ApacheHttpClient.testConnection(178) - responseCode = 200
2018-02-15 18:41:03 INFO  ApacheHttpClient.testConnection(185) - result = true
2018-02-15 18:41:05 INFO  ApacheHttpClient.getWebResourceAsStream(420) - responseCode = 200
2018-02-15 18:41:18 INFO  ApacheHttpClient.testConnection(178) - responseCode = 200
2018-02-15 18:41:18 INFO  ApacheHttpClient.testConnection(185) - result = true
2018-02-15 18:41:18 INFO  ApacheHttpClient.testConnection(178) - responseCode = 200
2018-02-15 18:41:18 INFO  ApacheHttpClient.testConnection(185) - result = true
2018-02-15 18:41:26 INFO  ApacheHttpClient.sendEvent(450) - responseCode = 200
2018-02-15 18:42:26 INFO  ApacheHttpClient.sendEvent(450) - responseCode = 200
2018-02-15 18:43:26 INFO  ApacheHttpClient.sendEvent(450) - responseCode = 200
2018-02-15 18:44:26 INFO  ApacheHttpClient.sendEvent(450) - responseCode = 200
2018-02-15 18:45:26 INFO  ApacheHttpClient.sendEvent(450) - responseCode = 200
2018-02-15 18:46:26 INFO  ApacheHttpClient.sendEvent(450) - responseCode = 200
2018-02-15 18:47:26 INFO  ApacheHttpClient.sendEvent(450) - responseCode = 200
2018-02-15 18:48:26 INFO  ApacheHttpClient.sendEvent(450) - responseCode = 200
2018-02-15 18:49:26 INFO  ApacheHttpClient.sendEvent(450) - responseCode = 200
2018-02-15 18:50:26 INFO  ApacheHttpClient.sendEvent(450) - responseCode = 200
2018-02-15 18:51:26 INFO  ApacheHttpClient.sendEvent(450) - responseCode = 200
2018-02-15 18:52:26 INFO  ApacheHttpClient.sendEvent(450) - responseCode = 200
2018-02-15 18:53:26 INFO  ApacheHttpClient.sendEvent(450) - responseCode = 200
2018-02-15 18:54:26 INFO  ApacheHttpClient.sendEvent(450) - responseCode = 200
2018-02-15 18:55:26 INFO  ApacheHttpClient.sendEvent(450) - responseCode = 200
2018-02-15 18:56:26 INFO  ApacheHttpClient.sendEvent(450) - responseCode = 200
2018-02-15 18:57:26 INFO  ApacheHttpClient.sendEvent(450) - responseCode = 200
2018-02-15 18:58:26 INFO  ApacheHttpClient.sendEvent(450) - responseCode = 200
2018-02-15 18:59:26 INFO  ApacheHttpClient.sendEvent(450) - responseCode = 200
2018-02-15 19:00:26 INFO  ApacheHttpClient.sendEvent(450) - responseCode = 200
2018-02-15 19:01:26 INFO  ApacheHttpClient.sendEvent(450) - responseCode = 200
2018-02-15 19:02:26 INFO  ApacheHttpClient.sendEvent(450) - responseCode = 200
2018-02-15 19:03:26 INFO  ApacheHttpClient.sendEvent(450) - responseCode = 200
2018-02-15 19:04:26 INFO  ApacheHttpClient.sendEvent(450) - responseCode = 200
2018-02-15 19:05:26 INFO  ApacheHttpClient.sendEvent(450) - responseCode = 200
2018-02-15 19:06:26 INFO  ApacheHttpClient.sendEvent(450) - responseCode = 200
2018-02-15 19:07:13 INFO  ApacheHttpClient.getWebResourceAsStream(420) - responseCode = 200
2018-02-15 19:07:13 INFO  ApacheHttpClient.getTask(405) - responseCode = 200
